2023-11-22 18:52:06,521 [INFO] Activator:177 - 


2023-11-22 18:52:06,526 [INFO] Activator:178 - !SESSION log4j initialized
2023-11-22 18:54:01,213 [INFO] Activator:177 - 


2023-11-22 18:54:01,222 [INFO] Activator:178 - !SESSION log4j initialized
2023-11-22 18:57:58,102 [INFO] McuFinderGlobals:39 - Set McuFinder mode to 2 (CubeIDE integrated)
2023-11-22 18:57:58,536 [INFO] ApplicationProperties:181 - Using Application install path: C:\ST\STM32CubeIDE_1.7.0\STM32CubeIDE\plugins\com.st.stm32cube.common.mx_6.3.0.202107141111
2023-11-22 18:57:58,559 [INFO] DbMcusXml:74 - Set database path to: C:\ST\STM32CubeIDE_1.7.0\STM32CubeIDE\plugins\com.st.stm32cube.common.mx_6.3.0.202107141111\\db\/mcu/
2023-11-22 18:57:58,566 [INFO] DbBoardsPdsc:56 - Set plugin database path to: C:\ST\STM32CubeIDE_1.7.0\STM32CubeIDE\plugins\com.st.stm32cube.common.mx_6.3.0.202107141111\\db\/plugins/boardmanager/
2023-11-22 18:57:58,569 [INFO] DbMcus:258 - Set plugin images path to: C:\ST\STM32CubeIDE_1.7.0\STM32CubeIDE\plugins\com.st.stm32cube.common.mx_6.3.0.202107141111\\db\/plugins/mcufinder/images/
2023-11-22 18:57:58,569 [INFO] DbBoards:264 - Set plugin images path to: C:\ST\STM32CubeIDE_1.7.0\STM32CubeIDE\plugins\com.st.stm32cube.common.mx_6.3.0.202107141111\\db\/plugins/mcufinder/images/
2023-11-22 18:57:58,571 [INFO] DbExamples:333 - Set plugin images path to: C:\ST\STM32CubeIDE_1.7.0\STM32CubeIDE\plugins\com.st.stm32cube.common.mx_6.3.0.202107141111\\db\/plugins/mcufinder/images/
2023-11-22 18:57:58,584 [INFO] DbMcusAds:119 - Set database path to: C:\Users\hoang\.stmcufinder\plugins\mcufinder//mcu/
2023-11-22 18:57:58,584 [INFO] DbMcusDocs:110 - Set database path to: C:\Users\hoang\.stmcufinder\plugins\mcufinder//mcu/
2023-11-22 18:57:58,584 [INFO] DbMcusJson:64 - Set database path to: C:\Users\hoang\.stmcufinder\plugins\mcufinder//mcu/
2023-11-22 18:57:58,591 [INFO] DbBoardsDocs:110 - Set database path to: C:\Users\hoang\.stmcufinder\plugins\mcufinder//mcu/
2023-11-22 18:57:58,592 [INFO] DbBoardsJson:57 - Set database path to: C:\Users\hoang\.stmcufinder\plugins\mcufinder//mcu/
2023-11-22 18:57:58,612 [INFO] CrossReferenceDbSqlite:196 - Set database path to: C:\Users\hoang\.stmcufinder\plugins\mcufinder//mcu/cs/
2023-11-22 18:57:58,616 [INFO] DbExamplesSqlite:767 - Set database path to: C:\Users\hoang\.stmcufinder\plugins\mcufinder//mcu/
2023-11-22 18:57:58,764 [INFO] RulesReader:57 - Compatibility file has been processed (242 Rules)
2023-11-22 18:57:58,897 [INFO] DbMcusXml:74 - Set database path to: C:\ST\STM32CubeIDE_1.7.0\STM32CubeIDE\plugins\com.st.stm32cube.common.mx_6.3.0.202107141111\\db\/mcu/
2023-11-22 18:57:58,898 [INFO] DbBoardsPdsc:56 - Set plugin database path to: C:\ST\STM32CubeIDE_1.7.0\STM32CubeIDE\plugins\com.st.stm32cube.common.mx_6.3.0.202107141111\\db\/plugins/boardmanager/
2023-11-22 18:57:58,898 [INFO] DbMcus:258 - Set plugin images path to: C:\ST\STM32CubeIDE_1.7.0\STM32CubeIDE\plugins\com.st.stm32cube.common.mx_6.3.0.202107141111\\db\/plugins/mcufinder/images/
2023-11-22 18:57:58,898 [INFO] DbBoards:264 - Set plugin images path to: C:\ST\STM32CubeIDE_1.7.0\STM32CubeIDE\plugins\com.st.stm32cube.common.mx_6.3.0.202107141111\\db\/plugins/mcufinder/images/
2023-11-22 18:57:58,898 [INFO] DbExamples:333 - Set plugin images path to: C:\ST\STM32CubeIDE_1.7.0\STM32CubeIDE\plugins\com.st.stm32cube.common.mx_6.3.0.202107141111\\db\/plugins/mcufinder/images/
2023-11-22 18:57:58,898 [WARN] DbFile:35 - Overriding database path with different value: C:\Users\hoang\.stmcufinder\plugins\mcufinder/ => C:\Users\hoang\.stmcufinder\plugins\mcufinder
2023-11-22 18:57:58,898 [INFO] DbMcusAds:119 - Set database path to: C:\Users\hoang\.stmcufinder\plugins\mcufinder//mcu/
2023-11-22 18:57:58,901 [WARN] DbFile:35 - Overriding database path with different value: C:\Users\hoang\.stmcufinder\plugins\mcufinder/ => C:\Users\hoang\.stmcufinder\plugins\mcufinder
2023-11-22 18:57:58,901 [INFO] DbMcusDocs:110 - Set database path to: C:\Users\hoang\.stmcufinder\plugins\mcufinder//mcu/
2023-11-22 18:57:58,901 [WARN] DbFile:35 - Overriding database path with different value: C:\Users\hoang\.stmcufinder\plugins\mcufinder/ => C:\Users\hoang\.stmcufinder\plugins\mcufinder
2023-11-22 18:57:58,901 [INFO] DbMcusJson:64 - Set database path to: C:\Users\hoang\.stmcufinder\plugins\mcufinder//mcu/
2023-11-22 18:57:58,901 [WARN] DbFile:35 - Overriding database path with different value: C:\Users\hoang\.stmcufinder\plugins\mcufinder/ => C:\Users\hoang\.stmcufinder\plugins\mcufinder
2023-11-22 18:57:58,901 [INFO] DbBoardsDocs:110 - Set database path to: C:\Users\hoang\.stmcufinder\plugins\mcufinder//mcu/
2023-11-22 18:57:58,901 [WARN] DbFile:35 - Overriding database path with different value: C:\Users\hoang\.stmcufinder\plugins\mcufinder/ => C:\Users\hoang\.stmcufinder\plugins\mcufinder
2023-11-22 18:57:58,901 [INFO] DbBoardsJson:57 - Set database path to: C:\Users\hoang\.stmcufinder\plugins\mcufinder//mcu/
2023-11-22 18:57:58,901 [WARN] DbFile:35 - Overriding database path with different value: C:\Users\hoang\.stmcufinder\plugins\mcufinder/ => C:\Users\hoang\.stmcufinder\plugins\mcufinder
2023-11-22 18:57:58,901 [WARN] DbFile:35 - Overriding database path with different value: C:\Users\hoang\.stmcufinder\plugins\mcufinder/ => C:\Users\hoang\.stmcufinder\plugins\mcufinder
2023-11-22 18:57:58,901 [INFO] CrossReferenceDbSqlite:196 - Set database path to: C:\Users\hoang\.stmcufinder\plugins\mcufinder//mcu/cs/
2023-11-22 18:57:58,901 [WARN] DbFile:35 - Overriding database path with different value: C:\Users\hoang\.stmcufinder\plugins\mcufinder/ => C:\Users\hoang\.stmcufinder\plugins\mcufinder
2023-11-22 18:57:58,901 [INFO] DbExamplesSqlite:767 - Set database path to: C:\Users\hoang\.stmcufinder\plugins\mcufinder//mcu/
2023-11-22 18:57:59,011 [INFO] MainPanel:214 - HeapMemory: 673185792
2023-11-22 18:57:59,171 [INFO] DbMcusXml:74 - Set database path to: C:\ST\STM32CubeIDE_1.7.0\STM32CubeIDE\plugins\com.st.stm32cube.common.mx_6.3.0.202107141111\\db\/mcu/
2023-11-22 18:57:59,171 [INFO] DbBoardsPdsc:56 - Set plugin database path to: C:\ST\STM32CubeIDE_1.7.0\STM32CubeIDE\plugins\com.st.stm32cube.common.mx_6.3.0.202107141111\\db\/plugins/boardmanager/
2023-11-22 18:57:59,171 [INFO] DbMcus:258 - Set plugin images path to: C:\ST\STM32CubeIDE_1.7.0\STM32CubeIDE\plugins\com.st.stm32cube.common.mx_6.3.0.202107141111\\db\/plugins/mcufinder/images/
2023-11-22 18:57:59,171 [INFO] DbBoards:264 - Set plugin images path to: C:\ST\STM32CubeIDE_1.7.0\STM32CubeIDE\plugins\com.st.stm32cube.common.mx_6.3.0.202107141111\\db\/plugins/mcufinder/images/
2023-11-22 18:57:59,171 [INFO] DbExamples:333 - Set plugin images path to: C:\ST\STM32CubeIDE_1.7.0\STM32CubeIDE\plugins\com.st.stm32cube.common.mx_6.3.0.202107141111\\db\/plugins/mcufinder/images/
2023-11-22 18:57:59,174 [WARN] DbFile:35 - Overriding database path with different value: C:\Users\hoang\.stmcufinder\plugins\mcufinder/ => C:\Users\hoang\.stmcufinder\plugins\mcufinder
2023-11-22 18:57:59,174 [INFO] DbMcusAds:119 - Set database path to: C:\Users\hoang\.stmcufinder\plugins\mcufinder//mcu/
2023-11-22 18:57:59,174 [WARN] DbFile:35 - Overriding database path with different value: C:\Users\hoang\.stmcufinder\plugins\mcufinder/ => C:\Users\hoang\.stmcufinder\plugins\mcufinder
2023-11-22 18:57:59,174 [INFO] DbMcusDocs:110 - Set database path to: C:\Users\hoang\.stmcufinder\plugins\mcufinder//mcu/
2023-11-22 18:57:59,174 [WARN] DbFile:35 - Overriding database path with different value: C:\Users\hoang\.stmcufinder\plugins\mcufinder/ => C:\Users\hoang\.stmcufinder\plugins\mcufinder
2023-11-22 18:57:59,174 [INFO] DbMcusJson:64 - Set database path to: C:\Users\hoang\.stmcufinder\plugins\mcufinder//mcu/
2023-11-22 18:57:59,174 [WARN] DbFile:35 - Overriding database path with different value: C:\Users\hoang\.stmcufinder\plugins\mcufinder/ => C:\Users\hoang\.stmcufinder\plugins\mcufinder
2023-11-22 18:57:59,174 [INFO] DbBoardsDocs:110 - Set database path to: C:\Users\hoang\.stmcufinder\plugins\mcufinder//mcu/
2023-11-22 18:57:59,174 [WARN] DbFile:35 - Overriding database path with different value: C:\Users\hoang\.stmcufinder\plugins\mcufinder/ => C:\Users\hoang\.stmcufinder\plugins\mcufinder
2023-11-22 18:57:59,174 [INFO] DbBoardsJson:57 - Set database path to: C:\Users\hoang\.stmcufinder\plugins\mcufinder//mcu/
2023-11-22 18:57:59,174 [WARN] DbFile:35 - Overriding database path with different value: C:\Users\hoang\.stmcufinder\plugins\mcufinder/ => C:\Users\hoang\.stmcufinder\plugins\mcufinder
2023-11-22 18:57:59,174 [WARN] DbFile:35 - Overriding database path with different value: C:\Users\hoang\.stmcufinder\plugins\mcufinder/ => C:\Users\hoang\.stmcufinder\plugins\mcufinder
2023-11-22 18:57:59,174 [INFO] CrossReferenceDbSqlite:196 - Set database path to: C:\Users\hoang\.stmcufinder\plugins\mcufinder//mcu/cs/
2023-11-22 18:57:59,174 [WARN] DbFile:35 - Overriding database path with different value: C:\Users\hoang\.stmcufinder\plugins\mcufinder/ => C:\Users\hoang\.stmcufinder\plugins\mcufinder
2023-11-22 18:57:59,174 [INFO] DbExamplesSqlite:767 - Set database path to: C:\Users\hoang\.stmcufinder\plugins\mcufinder//mcu/
2023-11-22 18:57:59,201 [INFO] ApplicationProperties:181 - Using Application install path: C:\ST\STM32CubeIDE_1.7.0\STM32CubeIDE\plugins\com.st.stm32cube.common.mx_6.3.0.202107141111
2023-11-22 18:57:59,201 [INFO] PluginManage:188 - Search for loadable plugins [exclusion list=, ]
2023-11-22 18:57:59,207 [INFO] PluginManage:302 - Check plugin analytics
2023-11-22 18:57:59,445 [INFO] AnalyticsPlugin:257 - Accepted Software Licenses: 
2023-11-22 18:57:59,445 [INFO] AnalyticsPlugin:259 - Accepted CMSIS Pack Licenses: 
2023-11-22 18:57:59,445 [INFO] AnalyticsPlugin:261 - Accepted Firmware Licenses: 
2023-11-22 18:57:59,451 [INFO] PluginManage:352 - Loaded plugin analytics (category:tool,tabindex:-1)
2023-11-22 18:57:59,451 [INFO] PluginManage:302 - Check plugin clock
2023-11-22 18:57:59,471 [INFO] PluginManage:352 - Loaded plugin clock (category:base,tabindex:2)
2023-11-22 18:57:59,471 [INFO] PluginManage:302 - Check plugin ddr
2023-11-22 18:57:59,477 [INFO] PluginManage:352 - Loaded plugin ddr (category:tool,tabindex:6)
2023-11-22 18:57:59,477 [INFO] PluginManage:302 - Check plugin filemanager
2023-11-22 18:57:59,661 [INFO] PluginManage:352 - Loaded plugin filemanager (category:base,tabindex:10)
2023-11-22 18:57:59,661 [INFO] PluginManage:302 - Check plugin ipmanager
2023-11-22 18:57:59,674 [INFO] PluginManage:352 - Loaded plugin ipmanager (category:base,tabindex:5)
2023-11-22 18:57:59,674 [INFO] PluginManage:302 - Check plugin pinoutandconfiguration
2023-11-22 18:57:59,701 [INFO] PluginManage:352 - Loaded plugin pinoutandconfiguration (category:base,tabindex:1)
2023-11-22 18:57:59,701 [INFO] PluginManage:302 - Check plugin pinoutconfig
2023-11-22 18:57:59,756 [INFO] PluginManage:352 - Loaded plugin pinoutconfig (category:base,tabindex:0)
2023-11-22 18:57:59,756 [INFO] PluginManage:302 - Check plugin power
2023-11-22 18:57:59,781 [INFO] PluginManage:352 - Loaded plugin power (category:power,tabindex:4)
2023-11-22 18:57:59,781 [INFO] PluginManage:302 - Check plugin projectmanager
2023-11-22 18:57:59,805 [INFO] PluginManage:352 - Loaded plugin projectmanager (category:projectmanager,tabindex:3)
2023-11-22 18:57:59,805 [INFO] PluginManage:302 - Check plugin thirdparty
2023-11-22 18:58:00,131 [WARN] IntegrityCheckThread:78 - waiting for thirdparty lock release [integrity check]
2023-11-22 18:58:00,133 [INFO] PluginManage:352 - Loaded plugin thirdparty (category:base,tabindex:-1)
2023-11-22 18:58:00,133 [INFO] IntegrityCheckThread:80 - entering critical section [integrity check]
2023-11-22 18:58:00,133 [INFO] PluginManage:302 - Check plugin tools
2023-11-22 18:58:00,133 [INFO] ThirdPartyUpdaterWithRetryManager:66 - Updater plugin not ready yet. [1/15]
2023-11-22 18:58:00,211 [INFO] PluginManage:352 - Loaded plugin tools (category:base,tabindex:7)
2023-11-22 18:58:00,211 [INFO] PluginManage:302 - Check plugin tutovideos
2023-11-22 18:58:00,602 [INFO] PluginManage:352 - Loaded plugin tutovideos (category:base,tabindex:-1)
2023-11-22 18:58:00,602 [INFO] PluginManage:302 - Check plugin updater
2023-11-22 18:58:00,621 [INFO] PluginManage:352 - Loaded plugin updater (category:base,tabindex:12)
2023-11-22 18:58:00,621 [INFO] PluginManage:275 - PluginManage : Loaded plugins [13]
2023-11-22 18:58:00,864 [INFO] PinOutPanel:1463 - setPackage(No Configuration,No Configuration)
2023-11-22 18:58:01,003 [INFO] IPUIPlugin:74 - create IPUIPlugin
2023-11-22 18:58:01,003 [INFO] PluginManager:213 - loadIPPluginJar : add adc
2023-11-22 18:58:01,051 [INFO] IPUIPlugin:74 - create IPUIPlugin
2023-11-22 18:58:01,051 [INFO] PluginManager:213 - loadIPPluginJar : add aes
2023-11-22 18:58:01,111 [INFO] IPUIPlugin:74 - create IPUIPlugin
2023-11-22 18:58:01,111 [INFO] PluginManager:213 - loadIPPluginJar : add can
2023-11-22 18:58:01,171 [INFO] IPUIPlugin:74 - create IPUIPlugin
2023-11-22 18:58:01,171 [INFO] PluginManager:213 - loadIPPluginJar : add comp
2023-11-22 18:58:01,262 [INFO] IPUIPlugin:74 - create IPUIPlugin
2023-11-22 18:58:01,263 [INFO] PluginManager:213 - loadIPPluginJar : add cryp
2023-11-22 18:58:01,311 [INFO] IPUIPlugin:74 - create IPUIPlugin
2023-11-22 18:58:01,311 [INFO] PluginManager:213 - loadIPPluginJar : add dfsdm
2023-11-22 18:58:01,331 [INFO] IPUIPlugin:74 - create IPUIPlugin
2023-11-22 18:58:01,332 [INFO] PluginManager:213 - loadIPPluginJar : add dma
2023-11-22 18:58:01,391 [INFO] IPUIPlugin:74 - create IPUIPlugin
2023-11-22 18:58:01,391 [INFO] PluginManager:213 - loadIPPluginJar : add dma3
2023-11-22 18:58:01,431 [INFO] IPUIPlugin:74 - create IPUIPlugin
2023-11-22 18:58:01,431 [INFO] PluginManager:213 - loadIPPluginJar : add fatfs
2023-11-22 18:58:01,501 [INFO] IPUIPlugin:74 - create IPUIPlugin
2023-11-22 18:58:01,501 [INFO] PluginManager:213 - loadIPPluginJar : add fmc
2023-11-22 18:58:01,521 [INFO] IPUIPlugin:74 - create IPUIPlugin
2023-11-22 18:58:01,522 [INFO] PluginManager:213 - loadIPPluginJar : add freertos
2023-11-22 18:58:01,556 [INFO] IPUIPlugin:74 - create IPUIPlugin
2023-11-22 18:58:01,561 [INFO] PluginManager:213 - loadIPPluginJar : add genericplugin
2023-11-22 18:58:01,681 [INFO] IPUIPlugin:74 - create IPUIPlugin
2023-11-22 18:58:01,681 [INFO] PluginManager:213 - loadIPPluginJar : add gfxmmu
2023-11-22 18:58:01,871 [INFO] IPUIPlugin:74 - create IPUIPlugin
2023-11-22 18:58:01,871 [INFO] PluginManager:213 - loadIPPluginJar : add gic
2023-11-22 18:58:01,884 [INFO] IPUIPlugin:74 - create IPUIPlugin
2023-11-22 18:58:01,884 [INFO] PluginManager:213 - loadIPPluginJar : add gpio
2023-11-22 18:58:01,982 [INFO] IPUIPlugin:74 - create IPUIPlugin
2023-11-22 18:58:01,991 [INFO] PluginManager:213 - loadIPPluginJar : add gtzc
2023-11-22 18:58:02,031 [INFO] IPUIPlugin:74 - create IPUIPlugin
2023-11-22 18:58:02,031 [INFO] PluginManager:213 - loadIPPluginJar : add hash
2023-11-22 18:58:02,101 [INFO] IPUIPlugin:74 - create IPUIPlugin
2023-11-22 18:58:02,101 [INFO] PluginManager:213 - loadIPPluginJar : add i2c
2023-11-22 18:58:02,166 [INFO] IPUIPlugin:74 - create IPUIPlugin
2023-11-22 18:58:02,166 [INFO] PluginManager:213 - loadIPPluginJar : add i2s
2023-11-22 18:58:02,181 [INFO] IPUIPlugin:74 - create IPUIPlugin
2023-11-22 18:58:02,181 [INFO] PluginManager:213 - loadIPPluginJar : add ipddr
2023-11-22 18:58:02,314 [INFO] IPUIPlugin:74 - create IPUIPlugin
2023-11-22 18:58:02,314 [INFO] PluginManager:213 - loadIPPluginJar : add linkedlist
2023-11-22 18:58:02,371 [INFO] IPUIPlugin:74 - create IPUIPlugin
2023-11-22 18:58:02,371 [INFO] PluginManager:213 - loadIPPluginJar : add lorawan
2023-11-22 18:58:02,421 [INFO] IPUIPlugin:74 - create IPUIPlugin
2023-11-22 18:58:02,421 [INFO] PluginManager:213 - loadIPPluginJar : add ltdc
2023-11-22 18:58:02,441 [INFO] IPUIPlugin:74 - create IPUIPlugin
2023-11-22 18:58:02,441 [INFO] PluginManager:213 - loadIPPluginJar : add mdma
2023-11-22 18:58:02,454 [INFO] IPUIPlugin:74 - create IPUIPlugin
2023-11-22 18:58:02,454 [INFO] PluginManager:213 - loadIPPluginJar : add nvic
2023-11-22 18:58:02,521 [INFO] IPUIPlugin:74 - create IPUIPlugin
2023-11-22 18:58:02,521 [INFO] PluginManager:213 - loadIPPluginJar : add opamp
2023-11-22 18:58:02,611 [INFO] IPUIPlugin:74 - create IPUIPlugin
2023-11-22 18:58:02,611 [INFO] PluginManager:213 - loadIPPluginJar : add openamp
2023-11-22 18:58:02,671 [INFO] IPUIPlugin:74 - create IPUIPlugin
2023-11-22 18:58:02,671 [INFO] PluginManager:213 - loadIPPluginJar : add pdm2pcm
2023-11-22 18:58:02,694 [INFO] IPUIPlugin:74 - create IPUIPlugin
2023-11-22 18:58:02,694 [INFO] PluginManager:213 - loadIPPluginJar : add plateformsettings
2023-11-22 18:58:02,736 [INFO] IPUIPlugin:74 - create IPUIPlugin
2023-11-22 18:58:02,736 [INFO] PluginManager:213 - loadIPPluginJar : add quadspi
2023-11-22 18:58:02,753 [INFO] IPUIPlugin:74 - create IPUIPlugin
2023-11-22 18:58:02,753 [INFO] PluginManager:213 - loadIPPluginJar : add resmgrutility
2023-11-22 18:58:02,827 [INFO] IPUIPlugin:74 - create IPUIPlugin
2023-11-22 18:58:02,827 [INFO] PluginManager:213 - loadIPPluginJar : add sai
2023-11-22 18:58:02,901 [INFO] IPUIPlugin:74 - create IPUIPlugin
2023-11-22 18:58:02,901 [INFO] PluginManager:213 - loadIPPluginJar : add spi
2023-11-22 18:58:03,055 [INFO] IPUIPlugin:74 - create IPUIPlugin
2023-11-22 18:58:03,055 [INFO] PluginManager:213 - loadIPPluginJar : add stm32_wpan
2023-11-22 18:58:03,129 [INFO] IPUIPlugin:74 - create IPUIPlugin
2023-11-22 18:58:03,129 [INFO] PluginManager:213 - loadIPPluginJar : add tim
2023-11-22 18:58:03,145 [INFO] ThirdPartyUpdaterWithRetryManager:66 - Updater plugin not ready yet. [2/15]
2023-11-22 18:58:03,277 [INFO] IPUIPlugin:74 - create IPUIPlugin
2023-11-22 18:58:03,277 [INFO] PluginManager:213 - loadIPPluginJar : add touchsensing
2023-11-22 18:58:03,343 [INFO] IPUIPlugin:74 - create IPUIPlugin
2023-11-22 18:58:03,343 [INFO] PluginManager:213 - loadIPPluginJar : add tracer_emb
2023-11-22 18:58:03,411 [INFO] IPUIPlugin:74 - create IPUIPlugin
2023-11-22 18:58:03,411 [INFO] PluginManager:213 - loadIPPluginJar : add ts
2023-11-22 18:58:03,482 [INFO] IPUIPlugin:74 - create IPUIPlugin
2023-11-22 18:58:03,482 [INFO] PluginManager:213 - loadIPPluginJar : add tsc
2023-11-22 18:58:03,556 [INFO] IPUIPlugin:74 - create IPUIPlugin
2023-11-22 18:58:03,561 [INFO] PluginManager:213 - loadIPPluginJar : add ucpd
2023-11-22 18:58:03,696 [INFO] IPUIPlugin:74 - create IPUIPlugin
2023-11-22 18:58:03,696 [INFO] PluginManager:213 - loadIPPluginJar : add usart
2023-11-22 18:58:03,821 [INFO] IPUIPlugin:74 - create IPUIPlugin
2023-11-22 18:58:03,821 [INFO] PluginManager:213 - loadIPPluginJar : add usbx
2023-11-22 18:58:04,223 [FATAL] Updater:294 - Updater called before beeing initialized
2023-11-22 18:58:04,371 [FATAL] Updater:294 - Updater called before beeing initialized
2023-11-22 18:58:04,391 [INFO] DbMcusAds:47 - JSON generation date=Tue Mar 07 15:50:55 ICT 2023 (1678179055335)
2023-11-22 18:58:04,391 [FATAL] Updater:294 - Updater called before beeing initialized
2023-11-22 18:58:04,441 [WARN] DetailPanel:314 - Failed to get advertising image, set to default
2023-11-22 18:58:04,546 [FATAL] Updater:294 - Updater called before beeing initialized
2023-11-22 18:58:04,554 [FATAL] Updater:294 - Updater called before beeing initialized
2023-11-22 18:58:04,554 [FATAL] Updater:294 - Updater called before beeing initialized
2023-11-22 18:58:04,554 [WARN] DetailPanel:314 - Failed to get advertising image, set to default
2023-11-22 18:58:04,554 [FATAL] Updater:294 - Updater called before beeing initialized
2023-11-22 18:58:04,621 [ERROR] Updater:1075 - MainUpdater not yet initialized. External WinMGr cannot be set.
2023-11-22 18:58:04,640 [INFO] Updater:1012 - Updater Version found : 6.3.0
2023-11-22 18:58:04,671 [INFO] ApplicationProperties:181 - Using Application install path: C:\ST\STM32CubeIDE_1.7.0\STM32CubeIDE\plugins\com.st.stm32cube.common.mx_6.3.0.202107141111
2023-11-22 18:58:06,149 [INFO] ThirdPartyUpdaterWithRetryManager:66 - Updater plugin not ready yet. [3/15]
2023-11-22 18:58:06,932 [WARN] ServerAccessManage:1053 - Warning during Server Connexion :  timeout Read timed out
2023-11-22 18:58:07,171 [INFO] MainUpdater:2671 - connection check result : 10
2023-11-22 18:58:07,176 [INFO] MainUpdater:265 - Updater Check For Update Now.
2023-11-22 18:58:07,176 [INFO] MicroXplorer:478 - Change Database Version : DB.6.0.30
2023-11-22 18:58:07,381 [INFO] CheckServerUpdateThread:112 - End of CheckServer Thread
2023-11-22 18:58:07,450 [INFO] MainUpdater:2671 - connection check result : 10
2023-11-22 18:58:08,015 [INFO] McuFinderGlobals:52 - Set McuFinderConnectedMode to false
2023-11-22 18:58:08,151 [INFO] CrossSelectorPresenter:1330 - Cross Selector saved comparison directory: C:\Users\hoang\.stmcufinder\plugins\mcufinder\mcu\cs_comparisons_mx
2023-11-22 18:58:08,161 [INFO] MultiScanPanel:197 - Auto-refresh data requested => check proxy status ongoing
2023-11-22 18:58:08,162 [INFO] MultiScanPanel:201 - Proxy status is invalid
2023-11-22 18:58:08,162 [INFO] FinderPluginLoader:87 - Searching for filters in installed packs
2023-11-22 18:58:08,162 [INFO] DbMcusXml:100 - Load MCU database from C:\ST\STM32CubeIDE_1.7.0\STM32CubeIDE\plugins\com.st.stm32cube.common.mx_6.3.0.202107141111\\db\/mcu/families.xml
2023-11-22 18:58:09,337 [INFO] DbMcusJson:93 - JSON generation date=Tue Nov 16 23:17:54 ICT 2021 (1637079474)
2023-11-22 18:58:09,381 [ERROR] Engine:463 - C:\Users\hoang\.stm32cubemx\thirdparties\pdsc\STMicroelectronics.X-CUBE-SMBUS.2.1.0.pdsc: PDSC version is not supported
2023-11-22 18:58:09,498 [WARN] PackLoader:238 - Cannot read IP mode file for STMicroelectronics.X-CUBE-AZRTOS-F7.1.1.0
2023-11-22 18:58:09,522 [ERROR] Engine:463 - C:\Users\hoang\.stm32cubemx\thirdparties\pdsc\STMicroelectronics.FP-SNS-MOTENV1.4.3.2.pdsc: PDSC version is not supported
2023-11-22 18:58:09,531 [ERROR] Engine:463 - C:\Users\hoang\.stm32cubemx\thirdparties\pdsc\STMicroelectronics.FP-SNS-FLIGHT1.5.0.2.pdsc: PDSC version is not supported
2023-11-22 18:58:09,548 [ERROR] Engine:463 - C:\Users\hoang\.stm32cubemx\thirdparties\pdsc\STMicroelectronics.X-CUBE-DISPLAY.3.0.0.pdsc: PDSC version is not supported
2023-11-22 18:58:09,561 [WARN] PackLoader:238 - Cannot read IP mode file for STMicroelectronics.X-CUBE-BLE1.7.0.0
2023-11-22 18:58:09,611 [ERROR] Engine:463 - C:\Users\hoang\.stm32cubemx\thirdparties\pdsc\emotas.I-CUBE-CANOPEN.1.3.0.pdsc: PDSC version is not supported
2023-11-22 18:58:09,631 [WARN] PackLoader:238 - Cannot read IP mode file for STMicroelectronics.X-CUBE-TOUCHGFX.4.22.0
2023-11-22 18:58:09,645 [WARN] PackLoader:238 - Cannot read IP mode file for STMicroelectronics.X-CUBE-TOUCHGFX.4.22.1
2023-11-22 18:58:09,661 [ERROR] Engine:463 - C:\Users\hoang\.stm32cubemx\thirdparties\pdsc\STMicroelectronics.FP-SNS-SMARTAG2.1.2.0.pdsc: PDSC version is not supported
2023-11-22 18:58:09,702 [INFO] LogOutputStream:76 - [STDOUT_REDIRECT] 1 : Invalid condition id : UX_CORESTACK_Condition cause : null
2023-11-22 18:58:09,702 [INFO] LogOutputStream:76 - [STDOUT_REDIRECT] 1 : Invalid condition id : UX_CORESTACK_Condition cause : null
2023-11-22 18:58:09,702 [INFO] LogOutputStream:76 - [STDOUT_REDIRECT] 1 : Invalid condition id : UX_CORESTACK_Condition cause : null
2023-11-22 18:58:09,721 [INFO] LogOutputStream:76 - [STDOUT_REDIRECT] 1 : Invalid condition id : UX_CORESTACK_Condition cause : null
2023-11-22 18:58:09,721 [INFO] LogOutputStream:76 - [STDOUT_REDIRECT] 1 : Invalid condition id : UX_CORESTACK_Condition cause : null
2023-11-22 18:58:09,726 [WARN] PackLoader:238 - Cannot read IP mode file for STMicroelectronics.X-CUBE-AZRTOS-WL.2.0.0
2023-11-22 18:58:09,756 [WARN] PackLoader:238 - Cannot read IP mode file for WES.I-CUBE-Cesium.1.3.0
2023-11-22 18:58:09,775 [WARN] PackLoader:238 - Cannot read IP mode file for STMicroelectronics.X-CUBE-BLE2.3.3.0
2023-11-22 18:58:09,811 [WARN] PackLoader:238 - Cannot read IP mode file for STMicroelectronics.X-CUBE-ALGOBUILD.1.3.0
2023-11-22 18:58:09,851 [WARN] PackLoader:238 - Cannot read IP mode file for STMicroelectronics.X-CUBE-AZRTOS-G0.1.1.0
2023-11-22 18:58:09,871 [WARN] PackLoader:238 - Cannot read IP mode file for STMicroelectronics.X-CUBE-NFC4.3.0.0
2023-11-22 18:58:09,887 [ERROR] Engine:463 - C:\Users\hoang\.stm32cubemx\thirdparties\pdsc\STMicroelectronics.X-CUBE-BLEMGR.3.0.0.pdsc: PDSC version is not supported
2023-11-22 18:58:09,904 [WARN] PackLoader:238 - Cannot read IP mode file for STMicroelectronics.FP-ATR-SIGFOX1.3.2.0
2023-11-22 18:58:09,971 [WARN] PackLoader:238 - Cannot read IP mode file for SEGGER.I-CUBE-embOS.1.3.1
2023-11-22 18:58:10,051 [WARN] PackLoader:238 - Cannot read IP mode file for STMicroelectronics.X-CUBE-GNSS1.6.0.0
2023-11-22 18:58:10,099 [WARN] PackLoader:238 - Cannot read IP mode file for STMicroelectronics.X-CUBE-AZRTOS-F4.1.1.0
2023-11-22 18:58:10,115 [WARN] PackLoader:238 - Cannot read IP mode file for wolfSSL.I-CUBE-wolfSSL.5.6.3
2023-11-22 18:58:10,151 [WARN] PackLoader:238 - Cannot read IP mode file for STMicroelectronics.X-CUBE-AZRTOS-L5.2.0.0
2023-11-22 18:58:10,241 [WARN] PackLoader:238 - Cannot read IP mode file for STMicroelectronics.X-CUBE-MEMS1.9.6.0
2023-11-22 18:58:10,251 [INFO] DbMcus:175 - Found 1951 MCUs (1903 are supported by CubeMX, 1914 are visible in CubeMX)
2023-11-22 18:58:10,251 [INFO] ApiDb:251 - Load user favorites file C:\Users\hoang/.stm32cubeide/favorites.mcus.txt: 0 item(s)
2023-11-22 18:58:10,251 [INFO] ApiDb:255 - User favorites MCUs=[]
2023-11-22 18:58:10,251 [INFO] DbMcus:187 - Set 0 / 0 favorites MCUs
2023-11-22 18:58:10,484 [WARN] PackLoader:238 - Cannot read IP mode file for STMicroelectronics.X-CUBE-EEPRMA1.4.2.0
2023-11-22 18:58:10,501 [ERROR] Engine:463 - C:\Users\hoang\.stm32cubemx\thirdparties\pdsc\ITTIA_DB.I-CUBE-ITTIADB.8.8.0.pdsc: PDSC version is not supported
2023-11-22 18:58:10,525 [WARN] PackLoader:238 - Cannot read IP mode file for STMicroelectronics.X-CUBE-BLEMGR.2.0.0
2023-11-22 18:58:10,571 [WARN] ConditionMgr:437 - getConditionDescription Invalid condition id : UX DEVICE CLASS RTOS Condition cause : null
2023-11-22 18:58:10,571 [WARN] ConditionMgr:437 - getConditionDescription Invalid condition id : UX DEVICE CLASS RTOS Condition cause : null
2023-11-22 18:58:10,582 [WARN] PackLoader:238 - Cannot read IP mode file for STMicroelectronics.X-CUBE-AZRTOS-H7.3.1.0
2023-11-22 18:58:10,582 [WARN] ConditionMgr:1038 - genDependencies : Invalid condition id : UX DEVICE CLASS RTOS Condition cause : null
2023-11-22 18:58:10,582 [WARN] ConditionMgr:1038 - genDependencies : Invalid condition id : UX DEVICE CLASS RTOS Condition cause : null
2023-11-22 18:58:10,582 [WARN] ConditionMgr:1038 - genDependencies : Invalid condition id : UX DEVICE CLASS RTOS Condition cause : null
2023-11-22 18:58:10,582 [WARN] ConditionMgr:1038 - genDependencies : Invalid condition id : UX DEVICE CLASS RTOS Condition cause : null
2023-11-22 18:58:10,582 [WARN] ConditionMgr:1038 - genDependencies : Invalid condition id : UX DEVICE CLASS RTOS Condition cause : null
2023-11-22 18:58:10,598 [WARN] PackLoader:238 - Cannot read IP mode file for STMicroelectronics.X-CUBE-NFC7.1.0.1
2023-11-22 18:58:10,614 [WARN] PackLoader:238 - Cannot read IP mode file for STMicroelectronics.X-CUBE-NFC6.3.0.0
2023-11-22 18:58:10,636 [WARN] PackLoader:238 - Cannot read IP mode file for STMicroelectronics.X-CUBE-EEPRMA1.4.1.0
2023-11-22 18:58:10,646 [WARN] PackLoader:238 - Cannot read IP mode file for STMicroelectronics.X-CUBE-AI.8.1.0
2023-11-22 18:58:10,686 [WARN] ConditionMgr:437 - getConditionDescription Invalid condition id : LAN8742 Phy interface Condition cause : null
2023-11-22 18:58:10,691 [WARN] PackLoader:238 - Cannot read IP mode file for STMicroelectronics.X-CUBE-AZRTOS-L4.2.0.0
2023-11-22 18:58:10,694 [WARN] ConditionMgr:1038 - genDependencies : Invalid condition id : LAN8742 Phy interface Condition cause : null
2023-11-22 18:58:10,694 [WARN] ConditionMgr:1038 - genDependencies : Invalid condition id : LAN8742 Phy interface Condition cause : null
2023-11-22 18:58:10,695 [WARN] ConditionMgr:1038 - genDependencies : Invalid condition id : LAN8742 Phy interface Condition cause : null
2023-11-22 18:58:10,711 [WARN] PackLoader:238 - Cannot read IP mode file for STMicroelectronics.X-CUBE-SFXS2LP1.4.0.0
2023-11-22 18:58:10,735 [WARN] PackLoader:238 - Cannot read IP mode file for STMicroelectronics.X-CUBE-ISPU.1.1.0
2023-11-22 18:58:10,766 [WARN] ConditionMgr:437 - getConditionDescription Invalid condition id : UX DEVICE CLASS RTOS Condition cause : null
2023-11-22 18:58:10,767 [WARN] ConditionMgr:437 - getConditionDescription Invalid condition id : UX DEVICE CLASS RTOS Condition cause : null
2023-11-22 18:58:10,771 [WARN] PackLoader:238 - Cannot read IP mode file for STMicroelectronics.X-CUBE-AZRTOS-WB.2.0.0
2023-11-22 18:58:10,771 [WARN] ConditionMgr:1038 - genDependencies : Invalid condition id : UX DEVICE CLASS RTOS Condition cause : null
2023-11-22 18:58:10,771 [WARN] ConditionMgr:1038 - genDependencies : Invalid condition id : UX DEVICE CLASS RTOS Condition cause : null
2023-11-22 18:58:10,771 [WARN] ConditionMgr:1038 - genDependencies : Invalid condition id : UX DEVICE CLASS RTOS Condition cause : null
2023-11-22 18:58:10,771 [WARN] ConditionMgr:1038 - genDependencies : Invalid condition id : UX DEVICE CLASS RTOS Condition cause : null
2023-11-22 18:58:10,771 [WARN] ConditionMgr:1038 - genDependencies : Invalid condition id : UX DEVICE CLASS RTOS Condition cause : null
2023-11-22 18:58:10,795 [WARN] PackLoader:238 - Cannot read IP mode file for STMicroelectronics.X-CUBE-SUBG2.5.0.0
2023-11-22 18:58:10,816 [ERROR] Engine:463 - C:\Users\hoang\.stm32cubemx\thirdparties\pdsc\STMicroelectronics.X-CUBE-TOF1.3.3.1.pdsc: PDSC version is not supported
2023-11-22 18:58:10,857 [WARN] PackLoader:238 - Cannot read IP mode file for STMicroelectronics.X-CUBE-AZRTOS-G4.2.0.0
2023-11-22 18:58:10,881 [ERROR] Engine:463 - C:\Users\hoang\.stm32cubemx\thirdparties\pdsc\Infineon.AIROC-Wi-Fi-Bluetooth-STM32.1.5.1.pdsc: PDSC version is not supported
2023-11-22 18:58:10,891 [ERROR] Engine:463 - C:\Users\hoang\.stm32cubemx\thirdparties\pdsc\STMicroelectronics.FP-SNS-MOTENVWB1.1.3.0.pdsc: PDSC version is not supported
2023-11-22 18:58:10,913 [INFO] DetailPanel:309 - Set advertising image to C:/Users/hoang/STM32Cube/Repository/\en.prom-stm32h5-mcu-finder.jpg
2023-11-22 18:58:10,966 [WARN] PackLoader:238 - Cannot read IP mode file for STMicroelectronics.X-CUBE-MEMS1.10.0.0
2023-11-22 18:58:11,181 [ERROR] Engine:463 - C:\Users\hoang\.stm32cubemx\thirdparties\pdsc\STMicroelectronics.X-CUBE-FREERTOS.1.1.0.pdsc: PDSC version is not supported
2023-11-22 18:58:11,206 [WARN] PackLoader:238 - Cannot read IP mode file for portGmbH.I-Cube-SoM-uGOAL.1.1.0
2023-11-22 18:58:11,221 [WARN] PackLoader:238 - Cannot read IP mode file for STMicroelectronics.X-CUBE-ALS.1.0.1
2023-11-22 18:58:11,237 [WARN] PackLoader:238 - Cannot read IP mode file for STMicroelectronics.FP-ATR-ASTRA1.2.0.0
2023-11-22 18:58:11,254 [ERROR] Engine:463 - C:\Users\hoang\.stm32cubemx\thirdparties\pdsc\STMicroelectronics.X-CUBE-TOF1.3.4.0.pdsc: PDSC version is not supported
2023-11-22 18:58:11,254 [INFO] ThirdParty:915 - Integrity check success = true
2023-11-22 18:58:11,254 [INFO] IntegrityCheckThread:94 - exiting critical section [integrity check]
2023-11-22 18:58:11,254 [INFO] IntegrityCheckThread:97 - End integrity checks thread
2023-11-22 18:58:11,375 [INFO] DbBoardsPdsc:90 - Found 25 items
2023-11-22 18:58:11,384 [INFO] DbBoardsPdsc:90 - Found 9 items
2023-11-22 18:58:11,406 [INFO] DbBoardsPdsc:90 - Found 33 items
2023-11-22 18:58:11,416 [INFO] DbBoardsPdsc:90 - Found 1 items
2023-11-22 18:58:11,432 [INFO] DbBoardsPdsc:90 - Found 48 items
2023-11-22 18:58:11,451 [INFO] DbBoardsPdsc:90 - Found 43 items
2023-11-22 18:58:11,466 [INFO] DbBoardsPdsc:90 - Found 2 items
2023-11-22 18:58:11,474 [INFO] DbBoardsPdsc:90 - Found 5 items
2023-11-22 18:58:11,482 [WARN] DbBoardsPdsc:254 - Board STM32H7B3I-DK: unknown feature type=Audio, name=, username=Audio stereo codec with Headphone Amp (CS42L51-CNZ), n=1
2023-11-22 18:58:11,482 [WARN] DbBoardsPdsc:254 - Board STM32H735G-DK: unknown feature type=Audio, name=, username=Audio stereo codec with Headphone Amp (WM8994ECS/R), n=1
2023-11-22 18:58:11,482 [WARN] DbBoardsPdsc:254 - Board STM32H7B3I-EVAL: unknown feature type=Audio, name=, username=Multi-Channel Audio Codec (CS42L51-CNZ), n=1
2023-11-22 18:58:11,482 [WARN] DbBoardsPdsc:254 - Board STM32H7B3I-EVAL: unknown feature type=Meter, name=, username=Power-metering and Temperature-monitoring with sigma-delta modulators, n=1
2023-11-22 18:58:11,482 [WARN] DbBoardsPdsc:254 - Board STM32H7B3I-EVAL: unknown feature type=Motor, name=, username=Motor Control, n=1
2023-11-22 18:58:11,482 [WARN] DbBoardsPdsc:254 - Board STM32U575I-EV: unknown feature type=joystick, name=, username=4-direction joystick with selection button, n=1
2023-11-22 18:58:11,524 [INFO] DbBoardsJson:86 - JSON generation date=Tue Nov 16 23:17:54 ICT 2021 (1637079474)
2023-11-22 18:58:11,532 [INFO] DbBoards:117 - Found 167 boards (163 are supported by CubeMX)
2023-11-22 18:58:11,541 [INFO] DbBoardsDocs:143 - JSON generation date=Tue Nov 16 23:17:54 ICT 2021 (1637079474)
2023-11-22 18:58:11,546 [INFO] DbBoardsDocs:79 - Found 209 boards documents
2023-11-22 18:58:11,546 [WARN] DbBoards:127 - board B-L475E-IOT01A2 has no document id list !
2023-11-22 18:58:11,549 [WARN] DbBoards:127 - board NUCLEO-H743ZI has no document id list !
2023-11-22 18:58:11,549 [WARN] DbBoards:127 - board NUCLEO-WL55JC2 has no document id list !
2023-11-22 18:58:11,549 [WARN] DbBoards:127 - board P-NUCLEO-WB55-Nucleo has no document id list !
2023-11-22 18:58:11,549 [WARN] DbBoards:127 - board P-NUCLEO-WB55-USBDongle has no document id list !
2023-11-22 18:58:11,549 [WARN] DbBoards:127 - board STEVAL-BFA001V1B has no document id list !
2023-11-22 18:58:11,549 [WARN] DbBoards:127 - board STEVAL-BFA001V2B has no document id list !
2023-11-22 18:58:11,549 [WARN] DbBoards:127 - board STEVAL-IDP005V1 has no document id list !
2023-11-22 18:58:11,549 [WARN] DbBoards:127 - board STEVAL-IDP005V2 has no document id list !
2023-11-22 18:58:11,549 [WARN] DbBoards:127 - board STEVAL-MKSBOX1V1 has no document id list !
2023-11-22 18:58:11,549 [WARN] DbBoards:127 - board STEVAL-STWINKT1 has no document id list !
2023-11-22 18:58:11,549 [WARN] DbBoards:127 - board STEVAL-STWINKT1B has no document id list !
2023-11-22 18:58:11,549 [WARN] DbBoards:127 - board STM32439I-EVAL2 has no document id list !
2023-11-22 18:58:11,551 [WARN] DbBoards:127 - board STM32F401C-DISCO has no document id list !
2023-11-22 18:58:11,551 [WARN] DbBoards:127 - board STM32F769I-DISC1 has no document id list !
2023-11-22 18:58:11,551 [WARN] DbBoards:127 - board STM32G474E-EVAL1 has no document id list !
2023-11-22 18:58:11,551 [WARN] DbBoards:127 - board STM32H743I-EVAL2 has no document id list !
2023-11-22 18:58:11,551 [WARN] DbBoards:127 - board STM32H747I-DISC1 has no document id list !
2023-11-22 18:58:11,551 [WARN] DbBoards:127 - board STM32H753I-EVAL2 has no document id list !
2023-11-22 18:58:11,551 [WARN] DbBoards:127 - board STM32L-DISCOVERY has no document id list !
2023-11-22 18:58:11,712 [ERROR] DbBoards:189 - Image file not found for board B-U585I-IOT02A: C:\ST\STM32CubeIDE_1.7.0\STM32CubeIDE\plugins\com.st.stm32cube.common.mx_6.3.0.202107141111\\db\/plugins/mcufinder/images/boards/B-U585I-IOT02A_small.jpg
2023-11-22 18:58:11,884 [ERROR] DbBoards:189 - Image file not found for board NUCLEO-F413ZH: C:\ST\STM32CubeIDE_1.7.0\STM32CubeIDE\plugins\com.st.stm32cube.common.mx_6.3.0.202107141111\\db\/plugins/mcufinder/images/boards/nucleo-f413zh_small.jpg
2023-11-22 18:58:12,263 [ERROR] DbBoards:189 - Image file not found for board NUCLEO-L552ZE-Q: C:\ST\STM32CubeIDE_1.7.0\STM32CubeIDE\plugins\com.st.stm32cube.common.mx_6.3.0.202107141111\\db\/plugins/mcufinder/images/boards/nucleo_l552ze_q_small.jpg
2023-11-22 18:58:12,263 [ERROR] DbBoards:189 - Image file not found for board NUCLEO-U575ZI-Q: C:\ST\STM32CubeIDE_1.7.0\STM32CubeIDE\plugins\com.st.stm32cube.common.mx_6.3.0.202107141111\\db\/plugins/mcufinder/images/boards/nucleo-u575zi-q_small.jpg
2023-11-22 18:58:12,263 [ERROR] DbBoards:189 - Image file not found for board NUCLEO-WB15CC: C:\ST\STM32CubeIDE_1.7.0\STM32CubeIDE\plugins\com.st.stm32cube.common.mx_6.3.0.202107141111\\db\/plugins/mcufinder/images/boards/nucleo-wb15cc_small.jpg
2023-11-22 18:58:12,263 [ERROR] DbBoards:189 - Image file not found for board NUCLEO-WB55RG: C:\ST\STM32CubeIDE_1.7.0\STM32CubeIDE\plugins\com.st.stm32cube.common.mx_6.3.0.202107141111\\db\/plugins/mcufinder/images/boards/nucleo-wb55rg_small.jpg
2023-11-22 18:58:14,561 [INFO] ApiDb:251 - Load user favorites file C:\Users\hoang/.stm32cubeide/favorites.boards.txt: 0 item(s)
2023-11-22 18:58:14,561 [INFO] ApiDb:255 - User favorites Boards=[]
2023-11-22 18:58:14,561 [INFO] DbBoards:206 - Set 0 / 0 favorites Boards
2023-11-22 18:59:53,474 [ERROR] LogOutputStream:74 - [STDERR_REDIRECT] Exception in thread "AWT-EventQueue-0" org.eclipse.swt.SWTException: Device is disposed
2023-11-22 18:59:53,477 [ERROR] LogOutputStream:74 - [STDERR_REDIRECT] 	at org.eclipse.swt.SWT.error(SWT.java:4889)
2023-11-22 18:59:53,477 [ERROR] LogOutputStream:74 - [STDERR_REDIRECT] 	at org.eclipse.swt.SWT.error(SWT.java:4804)
2023-11-22 18:59:53,479 [ERROR] LogOutputStream:74 - [STDERR_REDIRECT] 	at org.eclipse.swt.SWT.error(SWT.java:4775)
2023-11-22 18:59:53,481 [ERROR] LogOutputStream:74 - [STDERR_REDIRECT] 	at org.eclipse.swt.widgets.Display.error(Display.java:1262)
2023-11-22 18:59:53,481 [ERROR] LogOutputStream:74 - [STDERR_REDIRECT] 	at org.eclipse.swt.widgets.Display.asyncExec(Display.java:779)
2023-11-22 18:59:53,483 [ERROR] LogOutputStream:74 - [STDERR_REDIRECT] 	at com.st.stm32cube.common.mx.oss.core.awtswtbridge.AwtEnvironment$2.run(AwtEnvironment.java:168)
2023-11-22 18:59:53,483 [ERROR] LogOutputStream:74 - [STDERR_REDIRECT] 	at java.desktop/java.awt.event.InvocationEvent.dispatch(InvocationEvent.java:313)
2023-11-22 18:59:53,488 [ERROR] LogOutputStream:74 - [STDERR_REDIRECT] 	at java.desktop/java.awt.EventQueue.dispatchEventImpl(EventQueue.java:770)
2023-11-22 18:59:53,488 [ERROR] LogOutputStream:74 - [STDERR_REDIRECT] 	at java.desktop/java.awt.EventQueue$4.run(EventQueue.java:721)
2023-11-22 18:59:53,488 [ERROR] LogOutputStream:74 - [STDERR_REDIRECT] 	at java.desktop/java.awt.EventQueue$4.run(EventQueue.java:715)
2023-11-22 18:59:53,491 [ERROR] LogOutputStream:74 - [STDERR_REDIRECT] 	at java.base/java.security.AccessController.doPrivileged(Native Method)
2023-11-22 18:59:53,491 [ERROR] LogOutputStream:74 - [STDERR_REDIRECT] 	at java.base/java.security.ProtectionDomain$JavaSecurityAccessImpl.doIntersectionPrivilege(ProtectionDomain.java:85)
2023-11-22 18:59:53,491 [ERROR] LogOutputStream:74 - [STDERR_REDIRECT] 	at java.desktop/java.awt.EventQueue.dispatchEvent(EventQueue.java:740)
2023-11-22 18:59:53,491 [ERROR] LogOutputStream:74 - [STDERR_REDIRECT] 	at java.desktop/java.awt.EventDispatchThread.pumpOneEventForFilters(EventDispatchThread.java:203)
2023-11-22 18:59:53,496 [ERROR] LogOutputStream:74 - [STDERR_REDIRECT] 	at java.desktop/java.awt.EventDispatchThread.pumpEventsForFilter(EventDispatchThread.java:124)
2023-11-22 18:59:53,496 [ERROR] LogOutputStream:74 - [STDERR_REDIRECT] 	at java.desktop/java.awt.EventDispatchThread.pumpEventsForHierarchy(EventDispatchThread.java:113)
2023-11-22 18:59:53,496 [ERROR] LogOutputStream:74 - [STDERR_REDIRECT] 	at java.desktop/java.awt.EventDispatchThread.pumpEvents(EventDispatchThread.java:109)
2023-11-22 18:59:53,496 [ERROR] LogOutputStream:74 - [STDERR_REDIRECT] 	at java.desktop/java.awt.EventDispatchThread.pumpEvents(EventDispatchThread.java:101)
2023-11-22 18:59:53,501 [ERROR] LogOutputStream:74 - [STDERR_REDIRECT] 	at java.desktop/java.awt.EventDispatchThread.run(EventDispatchThread.java:90)
2023-11-22 19:01:56,561 [INFO] Activator:177 - 


2023-11-22 19:01:56,566 [INFO] Activator:178 - !SESSION log4j initialized
2023-11-22 19:02:26,456 [INFO] Activator:177 - 


2023-11-22 19:02:26,457 [INFO] Activator:178 - !SESSION log4j initialized
2023-11-22 19:02:30,163 [ERROR] ApiDbMcu:1508 - Can't use Application install path:
2023-11-22 19:02:32,848 [WARN] RulesReader:59 - Compatibility file://mcu/compatibility.xml not found
2023-11-22 19:02:51,578 [INFO] Activator:177 - 


2023-11-22 19:02:51,578 [INFO] Activator:178 - !SESSION log4j initialized
2023-11-22 19:02:52,148 [ERROR] ApiDbMcu:1508 - Can't use Application install path:
2023-11-22 19:02:52,148 [WARN] RulesReader:59 - Compatibility file://mcu/compatibility.xml not found
2023-11-22 19:03:34,537 [INFO] McuFinderGlobals:39 - Set McuFinder mode to 2 (CubeIDE integrated)
2023-11-22 19:03:34,664 [INFO] ApplicationProperties:181 - Using Application install path: C:\ST\STM32CubeIDE_1.7.0\STM32CubeIDE\plugins\com.st.stm32cube.common.mx_6.3.0.202107141111
2023-11-22 19:03:34,673 [INFO] DbMcusXml:74 - Set database path to: C:\ST\STM32CubeIDE_1.7.0\STM32CubeIDE\plugins\com.st.stm32cube.common.mx_6.3.0.202107141111\\db\/mcu/
2023-11-22 19:03:34,681 [INFO] DbBoardsPdsc:56 - Set plugin database path to: C:\ST\STM32CubeIDE_1.7.0\STM32CubeIDE\plugins\com.st.stm32cube.common.mx_6.3.0.202107141111\\db\/plugins/boardmanager/
2023-11-22 19:03:34,681 [INFO] DbMcus:258 - Set plugin images path to: C:\ST\STM32CubeIDE_1.7.0\STM32CubeIDE\plugins\com.st.stm32cube.common.mx_6.3.0.202107141111\\db\/plugins/mcufinder/images/
2023-11-22 19:03:34,681 [INFO] DbBoards:264 - Set plugin images path to: C:\ST\STM32CubeIDE_1.7.0\STM32CubeIDE\plugins\com.st.stm32cube.common.mx_6.3.0.202107141111\\db\/plugins/mcufinder/images/
2023-11-22 19:03:34,681 [INFO] DbExamples:333 - Set plugin images path to: C:\ST\STM32CubeIDE_1.7.0\STM32CubeIDE\plugins\com.st.stm32cube.common.mx_6.3.0.202107141111\\db\/plugins/mcufinder/images/
2023-11-22 19:03:34,681 [INFO] DbMcusAds:119 - Set database path to: C:\Users\hoang\.stmcufinder\plugins\mcufinder//mcu/
2023-11-22 19:03:34,689 [INFO] DbMcusDocs:110 - Set database path to: C:\Users\hoang\.stmcufinder\plugins\mcufinder//mcu/
2023-11-22 19:03:34,691 [INFO] DbMcusJson:64 - Set database path to: C:\Users\hoang\.stmcufinder\plugins\mcufinder//mcu/
2023-11-22 19:03:34,691 [INFO] DbBoardsDocs:110 - Set database path to: C:\Users\hoang\.stmcufinder\plugins\mcufinder//mcu/
2023-11-22 19:03:34,691 [INFO] DbBoardsJson:57 - Set database path to: C:\Users\hoang\.stmcufinder\plugins\mcufinder//mcu/
2023-11-22 19:03:34,699 [INFO] CrossReferenceDbSqlite:196 - Set database path to: C:\Users\hoang\.stmcufinder\plugins\mcufinder//mcu/cs/
2023-11-22 19:03:34,701 [INFO] DbExamplesSqlite:767 - Set database path to: C:\Users\hoang\.stmcufinder\plugins\mcufinder//mcu/
2023-11-22 19:03:34,781 [INFO] DbMcusXml:74 - Set database path to: C:\ST\STM32CubeIDE_1.7.0\STM32CubeIDE\plugins\com.st.stm32cube.common.mx_6.3.0.202107141111\\db\/mcu/
2023-11-22 19:03:34,781 [INFO] DbBoardsPdsc:56 - Set plugin database path to: C:\ST\STM32CubeIDE_1.7.0\STM32CubeIDE\plugins\com.st.stm32cube.common.mx_6.3.0.202107141111\\db\/plugins/boardmanager/
2023-11-22 19:03:34,781 [INFO] DbMcus:258 - Set plugin images path to: C:\ST\STM32CubeIDE_1.7.0\STM32CubeIDE\plugins\com.st.stm32cube.common.mx_6.3.0.202107141111\\db\/plugins/mcufinder/images/
2023-11-22 19:03:34,781 [INFO] DbBoards:264 - Set plugin images path to: C:\ST\STM32CubeIDE_1.7.0\STM32CubeIDE\plugins\com.st.stm32cube.common.mx_6.3.0.202107141111\\db\/plugins/mcufinder/images/
2023-11-22 19:03:34,781 [INFO] DbExamples:333 - Set plugin images path to: C:\ST\STM32CubeIDE_1.7.0\STM32CubeIDE\plugins\com.st.stm32cube.common.mx_6.3.0.202107141111\\db\/plugins/mcufinder/images/
2023-11-22 19:03:34,781 [WARN] DbFile:35 - Overriding database path with different value: C:\Users\hoang\.stmcufinder\plugins\mcufinder/ => C:\Users\hoang\.stmcufinder\plugins\mcufinder
2023-11-22 19:03:34,781 [INFO] DbMcusAds:119 - Set database path to: C:\Users\hoang\.stmcufinder\plugins\mcufinder//mcu/
2023-11-22 19:03:34,781 [WARN] DbFile:35 - Overriding database path with different value: C:\Users\hoang\.stmcufinder\plugins\mcufinder/ => C:\Users\hoang\.stmcufinder\plugins\mcufinder
2023-11-22 19:03:34,781 [INFO] DbMcusDocs:110 - Set database path to: C:\Users\hoang\.stmcufinder\plugins\mcufinder//mcu/
2023-11-22 19:03:34,781 [WARN] DbFile:35 - Overriding database path with different value: C:\Users\hoang\.stmcufinder\plugins\mcufinder/ => C:\Users\hoang\.stmcufinder\plugins\mcufinder
2023-11-22 19:03:34,781 [INFO] DbMcusJson:64 - Set database path to: C:\Users\hoang\.stmcufinder\plugins\mcufinder//mcu/
2023-11-22 19:03:34,781 [WARN] DbFile:35 - Overriding database path with different value: C:\Users\hoang\.stmcufinder\plugins\mcufinder/ => C:\Users\hoang\.stmcufinder\plugins\mcufinder
2023-11-22 19:03:34,781 [INFO] DbBoardsDocs:110 - Set database path to: C:\Users\hoang\.stmcufinder\plugins\mcufinder//mcu/
2023-11-22 19:03:34,781 [WARN] DbFile:35 - Overriding database path with different value: C:\Users\hoang\.stmcufinder\plugins\mcufinder/ => C:\Users\hoang\.stmcufinder\plugins\mcufinder
2023-11-22 19:03:34,788 [INFO] DbBoardsJson:57 - Set database path to: C:\Users\hoang\.stmcufinder\plugins\mcufinder//mcu/
2023-11-22 19:03:34,788 [WARN] DbFile:35 - Overriding database path with different value: C:\Users\hoang\.stmcufinder\plugins\mcufinder/ => C:\Users\hoang\.stmcufinder\plugins\mcufinder
2023-11-22 19:03:34,788 [WARN] DbFile:35 - Overriding database path with different value: C:\Users\hoang\.stmcufinder\plugins\mcufinder/ => C:\Users\hoang\.stmcufinder\plugins\mcufinder
2023-11-22 19:03:34,788 [INFO] CrossReferenceDbSqlite:196 - Set database path to: C:\Users\hoang\.stmcufinder\plugins\mcufinder//mcu/cs/
2023-11-22 19:03:34,788 [WARN] DbFile:35 - Overriding database path with different value: C:\Users\hoang\.stmcufinder\plugins\mcufinder/ => C:\Users\hoang\.stmcufinder\plugins\mcufinder
2023-11-22 19:03:34,788 [INFO] DbExamplesSqlite:767 - Set database path to: C:\Users\hoang\.stmcufinder\plugins\mcufinder//mcu/
2023-11-22 19:03:34,851 [INFO] MainPanel:214 - HeapMemory: 268435456
2023-11-22 19:03:34,921 [INFO] DbMcusXml:74 - Set database path to: C:\ST\STM32CubeIDE_1.7.0\STM32CubeIDE\plugins\com.st.stm32cube.common.mx_6.3.0.202107141111\\db\/mcu/
2023-11-22 19:03:34,928 [INFO] DbBoardsPdsc:56 - Set plugin database path to: C:\ST\STM32CubeIDE_1.7.0\STM32CubeIDE\plugins\com.st.stm32cube.common.mx_6.3.0.202107141111\\db\/plugins/boardmanager/
2023-11-22 19:03:34,928 [INFO] DbMcus:258 - Set plugin images path to: C:\ST\STM32CubeIDE_1.7.0\STM32CubeIDE\plugins\com.st.stm32cube.common.mx_6.3.0.202107141111\\db\/plugins/mcufinder/images/
2023-11-22 19:03:34,928 [INFO] DbBoards:264 - Set plugin images path to: C:\ST\STM32CubeIDE_1.7.0\STM32CubeIDE\plugins\com.st.stm32cube.common.mx_6.3.0.202107141111\\db\/plugins/mcufinder/images/
2023-11-22 19:03:34,928 [INFO] DbExamples:333 - Set plugin images path to: C:\ST\STM32CubeIDE_1.7.0\STM32CubeIDE\plugins\com.st.stm32cube.common.mx_6.3.0.202107141111\\db\/plugins/mcufinder/images/
2023-11-22 19:03:34,928 [WARN] DbFile:35 - Overriding database path with different value: C:\Users\hoang\.stmcufinder\plugins\mcufinder/ => C:\Users\hoang\.stmcufinder\plugins\mcufinder
2023-11-22 19:03:34,928 [INFO] DbMcusAds:119 - Set database path to: C:\Users\hoang\.stmcufinder\plugins\mcufinder//mcu/
2023-11-22 19:03:34,928 [WARN] DbFile:35 - Overriding database path with different value: C:\Users\hoang\.stmcufinder\plugins\mcufinder/ => C:\Users\hoang\.stmcufinder\plugins\mcufinder
2023-11-22 19:03:34,928 [INFO] DbMcusDocs:110 - Set database path to: C:\Users\hoang\.stmcufinder\plugins\mcufinder//mcu/
2023-11-22 19:03:34,928 [WARN] DbFile:35 - Overriding database path with different value: C:\Users\hoang\.stmcufinder\plugins\mcufinder/ => C:\Users\hoang\.stmcufinder\plugins\mcufinder
2023-11-22 19:03:34,928 [INFO] DbMcusJson:64 - Set database path to: C:\Users\hoang\.stmcufinder\plugins\mcufinder//mcu/
2023-11-22 19:03:34,928 [WARN] DbFile:35 - Overriding database path with different value: C:\Users\hoang\.stmcufinder\plugins\mcufinder/ => C:\Users\hoang\.stmcufinder\plugins\mcufinder
2023-11-22 19:03:34,928 [INFO] DbBoardsDocs:110 - Set database path to: C:\Users\hoang\.stmcufinder\plugins\mcufinder//mcu/
2023-11-22 19:03:34,928 [WARN] DbFile:35 - Overriding database path with different value: C:\Users\hoang\.stmcufinder\plugins\mcufinder/ => C:\Users\hoang\.stmcufinder\plugins\mcufinder
2023-11-22 19:03:34,928 [INFO] DbBoardsJson:57 - Set database path to: C:\Users\hoang\.stmcufinder\plugins\mcufinder//mcu/
2023-11-22 19:03:34,928 [WARN] DbFile:35 - Overriding database path with different value: C:\Users\hoang\.stmcufinder\plugins\mcufinder/ => C:\Users\hoang\.stmcufinder\plugins\mcufinder
2023-11-22 19:03:34,928 [WARN] DbFile:35 - Overriding database path with different value: C:\Users\hoang\.stmcufinder\plugins\mcufinder/ => C:\Users\hoang\.stmcufinder\plugins\mcufinder
2023-11-22 19:03:34,928 [INFO] CrossReferenceDbSqlite:196 - Set database path to: C:\Users\hoang\.stmcufinder\plugins\mcufinder//mcu/cs/
2023-11-22 19:03:34,928 [WARN] DbFile:35 - Overriding database path with different value: C:\Users\hoang\.stmcufinder\plugins\mcufinder/ => C:\Users\hoang\.stmcufinder\plugins\mcufinder
2023-11-22 19:03:34,928 [INFO] DbExamplesSqlite:767 - Set database path to: C:\Users\hoang\.stmcufinder\plugins\mcufinder//mcu/
2023-11-22 19:03:34,945 [INFO] ApplicationProperties:181 - Using Application install path: C:\ST\STM32CubeIDE_1.7.0\STM32CubeIDE\plugins\com.st.stm32cube.common.mx_6.3.0.202107141111
2023-11-22 19:03:34,951 [INFO] PluginManage:188 - Search for loadable plugins [exclusion list=, ]
2023-11-22 19:03:34,953 [INFO] PluginManage:302 - Check plugin analytics
2023-11-22 19:03:35,106 [INFO] AnalyticsPlugin:257 - Accepted Software Licenses: 
2023-11-22 19:03:35,106 [INFO] AnalyticsPlugin:259 - Accepted CMSIS Pack Licenses: 
2023-11-22 19:03:35,109 [INFO] AnalyticsPlugin:261 - Accepted Firmware Licenses: 
2023-11-22 19:03:35,109 [INFO] PluginManage:352 - Loaded plugin analytics (category:tool,tabindex:-1)
2023-11-22 19:03:35,109 [INFO] PluginManage:302 - Check plugin clock
2023-11-22 19:03:35,117 [INFO] PluginManage:352 - Loaded plugin clock (category:base,tabindex:2)
2023-11-22 19:03:35,117 [INFO] PluginManage:302 - Check plugin ddr
2023-11-22 19:03:35,122 [INFO] PluginManage:352 - Loaded plugin ddr (category:tool,tabindex:6)
2023-11-22 19:03:35,122 [INFO] PluginManage:302 - Check plugin filemanager
2023-11-22 19:03:35,251 [INFO] PluginManage:352 - Loaded plugin filemanager (category:base,tabindex:10)
2023-11-22 19:03:35,256 [INFO] PluginManage:302 - Check plugin ipmanager
2023-11-22 19:03:35,265 [INFO] PluginManage:352 - Loaded plugin ipmanager (category:base,tabindex:5)
2023-11-22 19:03:35,265 [INFO] PluginManage:302 - Check plugin pinoutandconfiguration
2023-11-22 19:03:35,273 [INFO] PluginManage:352 - Loaded plugin pinoutandconfiguration (category:base,tabindex:1)
2023-11-22 19:03:35,273 [INFO] PluginManage:302 - Check plugin pinoutconfig
2023-11-22 19:03:35,321 [INFO] PluginManage:352 - Loaded plugin pinoutconfig (category:base,tabindex:0)
2023-11-22 19:03:35,321 [INFO] PluginManage:302 - Check plugin power
2023-11-22 19:03:35,331 [INFO] PluginManage:352 - Loaded plugin power (category:power,tabindex:4)
2023-11-22 19:03:35,331 [INFO] PluginManage:302 - Check plugin projectmanager
2023-11-22 19:03:35,354 [INFO] PluginManage:352 - Loaded plugin projectmanager (category:projectmanager,tabindex:3)
2023-11-22 19:03:35,354 [INFO] PluginManage:302 - Check plugin thirdparty
2023-11-22 19:03:35,468 [WARN] IntegrityCheckThread:78 - waiting for thirdparty lock release [integrity check]
2023-11-22 19:03:35,468 [INFO] PluginManage:352 - Loaded plugin thirdparty (category:base,tabindex:-1)
2023-11-22 19:03:35,471 [INFO] IntegrityCheckThread:80 - entering critical section [integrity check]
2023-11-22 19:03:35,471 [INFO] PluginManage:302 - Check plugin tools
2023-11-22 19:03:35,471 [INFO] ThirdPartyUpdaterWithRetryManager:66 - Updater plugin not ready yet. [1/15]
2023-11-22 19:03:35,471 [INFO] PluginManage:352 - Loaded plugin tools (category:base,tabindex:7)
2023-11-22 19:03:35,471 [INFO] PluginManage:302 - Check plugin tutovideos
2023-11-22 19:03:35,681 [INFO] PluginManage:352 - Loaded plugin tutovideos (category:base,tabindex:-1)
2023-11-22 19:03:35,681 [INFO] PluginManage:302 - Check plugin updater
2023-11-22 19:03:35,692 [INFO] PluginManage:352 - Loaded plugin updater (category:base,tabindex:12)
2023-11-22 19:03:35,692 [INFO] PluginManage:275 - PluginManage : Loaded plugins [13]
2023-11-22 19:03:35,911 [INFO] PinOutPanel:1463 - setPackage(No Configuration,No Configuration)
2023-11-22 19:03:35,994 [INFO] IPUIPlugin:74 - create IPUIPlugin
2023-11-22 19:03:35,994 [INFO] PluginManager:213 - loadIPPluginJar : add adc
2023-11-22 19:03:36,001 [INFO] IPUIPlugin:74 - create IPUIPlugin
2023-11-22 19:03:36,001 [INFO] PluginManager:213 - loadIPPluginJar : add aes
2023-11-22 19:03:36,001 [INFO] IPUIPlugin:74 - create IPUIPlugin
2023-11-22 19:03:36,001 [INFO] PluginManager:213 - loadIPPluginJar : add can
2023-11-22 19:03:36,001 [INFO] IPUIPlugin:74 - create IPUIPlugin
2023-11-22 19:03:36,001 [INFO] PluginManager:213 - loadIPPluginJar : add comp
2023-11-22 19:03:36,001 [INFO] IPUIPlugin:74 - create IPUIPlugin
2023-11-22 19:03:36,001 [INFO] PluginManager:213 - loadIPPluginJar : add cryp
2023-11-22 19:03:36,011 [INFO] IPUIPlugin:74 - create IPUIPlugin
2023-11-22 19:03:36,011 [INFO] PluginManager:213 - loadIPPluginJar : add dfsdm
2023-11-22 19:03:36,018 [INFO] IPUIPlugin:74 - create IPUIPlugin
2023-11-22 19:03:36,018 [INFO] PluginManager:213 - loadIPPluginJar : add dma
2023-11-22 19:03:36,021 [INFO] IPUIPlugin:74 - create IPUIPlugin
2023-11-22 19:03:36,021 [INFO] PluginManager:213 - loadIPPluginJar : add dma3
2023-11-22 19:03:36,021 [INFO] IPUIPlugin:74 - create IPUIPlugin
2023-11-22 19:03:36,021 [INFO] PluginManager:213 - loadIPPluginJar : add fatfs
2023-11-22 19:03:36,026 [INFO] IPUIPlugin:74 - create IPUIPlugin
2023-11-22 19:03:36,026 [INFO] PluginManager:213 - loadIPPluginJar : add fmc
2023-11-22 19:03:36,031 [INFO] IPUIPlugin:74 - create IPUIPlugin
2023-11-22 19:03:36,031 [INFO] PluginManager:213 - loadIPPluginJar : add freertos
2023-11-22 19:03:36,035 [INFO] IPUIPlugin:74 - create IPUIPlugin
2023-11-22 19:03:36,035 [INFO] PluginManager:213 - loadIPPluginJar : add genericplugin
2023-11-22 19:03:36,037 [INFO] IPUIPlugin:74 - create IPUIPlugin
2023-11-22 19:03:36,037 [INFO] PluginManager:213 - loadIPPluginJar : add gfxmmu
2023-11-22 19:03:36,043 [INFO] IPUIPlugin:74 - create IPUIPlugin
2023-11-22 19:03:36,043 [INFO] PluginManager:213 - loadIPPluginJar : add gic
2023-11-22 19:03:36,043 [INFO] IPUIPlugin:74 - create IPUIPlugin
2023-11-22 19:03:36,043 [INFO] PluginManager:213 - loadIPPluginJar : add gpio
2023-11-22 19:03:36,043 [INFO] IPUIPlugin:74 - create IPUIPlugin
2023-11-22 19:03:36,043 [INFO] PluginManager:213 - loadIPPluginJar : add gtzc
2023-11-22 19:03:36,052 [INFO] IPUIPlugin:74 - create IPUIPlugin
2023-11-22 19:03:36,052 [INFO] PluginManager:213 - loadIPPluginJar : add hash
2023-11-22 19:03:36,052 [INFO] IPUIPlugin:74 - create IPUIPlugin
2023-11-22 19:03:36,052 [INFO] PluginManager:213 - loadIPPluginJar : add i2c
2023-11-22 19:03:36,052 [INFO] IPUIPlugin:74 - create IPUIPlugin
2023-11-22 19:03:36,052 [INFO] PluginManager:213 - loadIPPluginJar : add i2s
2023-11-22 19:03:36,060 [INFO] IPUIPlugin:74 - create IPUIPlugin
2023-11-22 19:03:36,060 [INFO] PluginManager:213 - loadIPPluginJar : add ipddr
2023-11-22 19:03:36,068 [INFO] IPUIPlugin:74 - create IPUIPlugin
2023-11-22 19:03:36,068 [INFO] PluginManager:213 - loadIPPluginJar : add linkedlist
2023-11-22 19:03:36,071 [INFO] IPUIPlugin:74 - create IPUIPlugin
2023-11-22 19:03:36,071 [INFO] PluginManager:213 - loadIPPluginJar : add lorawan
2023-11-22 19:03:36,071 [INFO] IPUIPlugin:74 - create IPUIPlugin
2023-11-22 19:03:36,071 [INFO] PluginManager:213 - loadIPPluginJar : add ltdc
2023-11-22 19:03:36,077 [INFO] IPUIPlugin:74 - create IPUIPlugin
2023-11-22 19:03:36,077 [INFO] PluginManager:213 - loadIPPluginJar : add mdma
2023-11-22 19:03:36,083 [INFO] IPUIPlugin:74 - create IPUIPlugin
2023-11-22 19:03:36,083 [INFO] PluginManager:213 - loadIPPluginJar : add nvic
2023-11-22 19:03:36,085 [INFO] IPUIPlugin:74 - create IPUIPlugin
2023-11-22 19:03:36,085 [INFO] PluginManager:213 - loadIPPluginJar : add opamp
2023-11-22 19:03:36,091 [INFO] IPUIPlugin:74 - create IPUIPlugin
2023-11-22 19:03:36,093 [INFO] PluginManager:213 - loadIPPluginJar : add openamp
2023-11-22 19:03:36,094 [INFO] IPUIPlugin:74 - create IPUIPlugin
2023-11-22 19:03:36,094 [INFO] PluginManager:213 - loadIPPluginJar : add pdm2pcm
2023-11-22 19:03:36,106 [INFO] IPUIPlugin:74 - create IPUIPlugin
2023-11-22 19:03:36,111 [INFO] PluginManager:213 - loadIPPluginJar : add plateformsettings
2023-11-22 19:03:36,111 [INFO] IPUIPlugin:74 - create IPUIPlugin
2023-11-22 19:03:36,111 [INFO] PluginManager:213 - loadIPPluginJar : add quadspi
2023-11-22 19:03:36,121 [INFO] IPUIPlugin:74 - create IPUIPlugin
2023-11-22 19:03:36,121 [INFO] PluginManager:213 - loadIPPluginJar : add resmgrutility
2023-11-22 19:03:36,126 [INFO] IPUIPlugin:74 - create IPUIPlugin
2023-11-22 19:03:36,126 [INFO] PluginManager:213 - loadIPPluginJar : add sai
2023-11-22 19:03:36,126 [INFO] IPUIPlugin:74 - create IPUIPlugin
2023-11-22 19:03:36,126 [INFO] PluginManager:213 - loadIPPluginJar : add spi
2023-11-22 19:03:36,131 [INFO] IPUIPlugin:74 - create IPUIPlugin
2023-11-22 19:03:36,131 [INFO] PluginManager:213 - loadIPPluginJar : add stm32_wpan
2023-11-22 19:03:36,134 [INFO] IPUIPlugin:74 - create IPUIPlugin
2023-11-22 19:03:36,134 [INFO] PluginManager:213 - loadIPPluginJar : add tim
2023-11-22 19:03:36,137 [INFO] IPUIPlugin:74 - create IPUIPlugin
2023-11-22 19:03:36,137 [INFO] PluginManager:213 - loadIPPluginJar : add touchsensing
2023-11-22 19:03:36,142 [INFO] IPUIPlugin:74 - create IPUIPlugin
2023-11-22 19:03:36,142 [INFO] PluginManager:213 - loadIPPluginJar : add tracer_emb
2023-11-22 19:03:36,142 [INFO] IPUIPlugin:74 - create IPUIPlugin
2023-11-22 19:03:36,142 [INFO] PluginManager:213 - loadIPPluginJar : add ts
2023-11-22 19:03:36,142 [INFO] IPUIPlugin:74 - create IPUIPlugin
2023-11-22 19:03:36,142 [INFO] PluginManager:213 - loadIPPluginJar : add tsc
2023-11-22 19:03:36,142 [INFO] IPUIPlugin:74 - create IPUIPlugin
2023-11-22 19:03:36,142 [INFO] PluginManager:213 - loadIPPluginJar : add ucpd
2023-11-22 19:03:36,151 [INFO] IPUIPlugin:74 - create IPUIPlugin
2023-11-22 19:03:36,151 [INFO] PluginManager:213 - loadIPPluginJar : add usart
2023-11-22 19:03:36,156 [INFO] IPUIPlugin:74 - create IPUIPlugin
2023-11-22 19:03:36,156 [INFO] PluginManager:213 - loadIPPluginJar : add usbx
2023-11-22 19:03:36,466 [FATAL] Updater:294 - Updater called before beeing initialized
2023-11-22 19:03:36,584 [FATAL] Updater:294 - Updater called before beeing initialized
2023-11-22 19:03:36,591 [INFO] DbMcusAds:47 - JSON generation date=Tue Mar 07 15:50:55 ICT 2023 (1678179055335)
2023-11-22 19:03:36,591 [FATAL] Updater:294 - Updater called before beeing initialized
2023-11-22 19:03:36,624 [WARN] DetailPanel:314 - Failed to get advertising image, set to default
2023-11-22 19:03:36,724 [FATAL] Updater:294 - Updater called before beeing initialized
2023-11-22 19:03:36,724 [FATAL] Updater:294 - Updater called before beeing initialized
2023-11-22 19:03:36,724 [FATAL] Updater:294 - Updater called before beeing initialized
2023-11-22 19:03:36,724 [WARN] DetailPanel:314 - Failed to get advertising image, set to default
2023-11-22 19:03:36,724 [FATAL] Updater:294 - Updater called before beeing initialized
2023-11-22 19:03:36,781 [ERROR] Updater:1075 - MainUpdater not yet initialized. External WinMGr cannot be set.
2023-11-22 19:03:36,786 [INFO] Updater:1012 - Updater Version found : 6.3.0
2023-11-22 19:03:36,802 [INFO] ApplicationProperties:181 - Using Application install path: C:\ST\STM32CubeIDE_1.7.0\STM32CubeIDE\plugins\com.st.stm32cube.common.mx_6.3.0.202107141111
2023-11-22 19:03:37,111 [INFO] MainUpdater:2671 - connection check result : 10
2023-11-22 19:03:37,116 [INFO] MainUpdater:265 - Updater Check For Update Now.
2023-11-22 19:03:37,116 [INFO] MicroXplorer:478 - Change Database Version : DB.6.0.30
2023-11-22 19:03:37,286 [INFO] CheckServerUpdateThread:112 - End of CheckServer Thread
2023-11-22 19:03:37,339 [INFO] MainUpdater:2671 - connection check result : 10
2023-11-22 19:03:37,602 [INFO] McuFinderGlobals:52 - Set McuFinderConnectedMode to false
2023-11-22 19:03:37,692 [INFO] CrossSelectorPresenter:1330 - Cross Selector saved comparison directory: C:\Users\hoang\.stmcufinder\plugins\mcufinder\mcu\cs_comparisons_mx
2023-11-22 19:03:37,701 [INFO] MultiScanPanel:197 - Auto-refresh data requested => check proxy status ongoing
2023-11-22 19:03:37,701 [INFO] MultiScanPanel:201 - Proxy status is invalid
2023-11-22 19:03:37,701 [INFO] FinderPluginLoader:87 - Searching for filters in installed packs
2023-11-22 19:03:37,706 [INFO] DbMcusXml:100 - Load MCU database from C:\ST\STM32CubeIDE_1.7.0\STM32CubeIDE\plugins\com.st.stm32cube.common.mx_6.3.0.202107141111\\db\/mcu/families.xml
2023-11-22 19:03:38,556 [INFO] DbMcusJson:93 - JSON generation date=Tue Nov 16 23:17:54 ICT 2021 (1637079474)
2023-11-22 19:03:38,621 [ERROR] Engine:463 - C:\Users\hoang\.stm32cubemx\thirdparties\pdsc\STMicroelectronics.X-CUBE-SMBUS.2.1.0.pdsc: PDSC version is not supported
2023-11-22 19:03:38,697 [WARN] PackLoader:238 - Cannot read IP mode file for STMicroelectronics.X-CUBE-AZRTOS-F7.1.1.0
2023-11-22 19:03:38,703 [ERROR] Engine:463 - C:\Users\hoang\.stm32cubemx\thirdparties\pdsc\STMicroelectronics.FP-SNS-MOTENV1.4.3.2.pdsc: PDSC version is not supported
2023-11-22 19:03:38,703 [ERROR] Engine:463 - C:\Users\hoang\.stm32cubemx\thirdparties\pdsc\STMicroelectronics.FP-SNS-FLIGHT1.5.0.2.pdsc: PDSC version is not supported
2023-11-22 19:03:38,703 [ERROR] Engine:463 - C:\Users\hoang\.stm32cubemx\thirdparties\pdsc\STMicroelectronics.X-CUBE-DISPLAY.3.0.0.pdsc: PDSC version is not supported
2023-11-22 19:03:38,719 [WARN] PackLoader:238 - Cannot read IP mode file for STMicroelectronics.X-CUBE-BLE1.7.0.0
2023-11-22 19:03:38,721 [ERROR] Engine:463 - C:\Users\hoang\.stm32cubemx\thirdparties\pdsc\emotas.I-CUBE-CANOPEN.1.3.0.pdsc: PDSC version is not supported
2023-11-22 19:03:38,727 [WARN] PackLoader:238 - Cannot read IP mode file for STMicroelectronics.X-CUBE-TOUCHGFX.4.22.0
2023-11-22 19:03:38,731 [WARN] PackLoader:238 - Cannot read IP mode file for STMicroelectronics.X-CUBE-TOUCHGFX.4.22.1
2023-11-22 19:03:38,735 [ERROR] Engine:463 - C:\Users\hoang\.stm32cubemx\thirdparties\pdsc\STMicroelectronics.FP-SNS-SMARTAG2.1.2.0.pdsc: PDSC version is not supported
2023-11-22 19:03:38,743 [INFO] LogOutputStream:76 - [STDOUT_REDIRECT] 1 : Invalid condition id : UX_CORESTACK_Condition cause : null
2023-11-22 19:03:38,751 [INFO] LogOutputStream:76 - [STDOUT_REDIRECT] 1 : Invalid condition id : UX_CORESTACK_Condition cause : null
2023-11-22 19:03:38,751 [INFO] LogOutputStream:76 - [STDOUT_REDIRECT] 1 : Invalid condition id : UX_CORESTACK_Condition cause : null
2023-11-22 19:03:38,751 [INFO] LogOutputStream:76 - [STDOUT_REDIRECT] 1 : Invalid condition id : UX_CORESTACK_Condition cause : null
2023-11-22 19:03:38,756 [INFO] LogOutputStream:76 - [STDOUT_REDIRECT] 1 : Invalid condition id : UX_CORESTACK_Condition cause : null
2023-11-22 19:03:38,761 [WARN] PackLoader:238 - Cannot read IP mode file for STMicroelectronics.X-CUBE-AZRTOS-WL.2.0.0
2023-11-22 19:03:38,775 [WARN] PackLoader:238 - Cannot read IP mode file for WES.I-CUBE-Cesium.1.3.0
2023-11-22 19:03:38,784 [WARN] PackLoader:238 - Cannot read IP mode file for STMicroelectronics.X-CUBE-BLE2.3.3.0
2023-11-22 19:03:38,791 [WARN] PackLoader:238 - Cannot read IP mode file for STMicroelectronics.X-CUBE-ALGOBUILD.1.3.0
2023-11-22 19:03:38,821 [WARN] PackLoader:238 - Cannot read IP mode file for STMicroelectronics.X-CUBE-AZRTOS-G0.1.1.0
2023-11-22 19:03:38,824 [WARN] PackLoader:238 - Cannot read IP mode file for STMicroelectronics.X-CUBE-NFC4.3.0.0
2023-11-22 19:03:38,841 [ERROR] Engine:463 - C:\Users\hoang\.stm32cubemx\thirdparties\pdsc\STMicroelectronics.X-CUBE-BLEMGR.3.0.0.pdsc: PDSC version is not supported
2023-11-22 19:03:38,848 [WARN] PackLoader:238 - Cannot read IP mode file for STMicroelectronics.FP-ATR-SIGFOX1.3.2.0
2023-11-22 19:03:38,891 [WARN] PackLoader:238 - Cannot read IP mode file for SEGGER.I-CUBE-embOS.1.3.1
2023-11-22 19:03:38,954 [WARN] PackLoader:238 - Cannot read IP mode file for STMicroelectronics.X-CUBE-GNSS1.6.0.0
2023-11-22 19:03:38,981 [WARN] PackLoader:238 - Cannot read IP mode file for STMicroelectronics.X-CUBE-AZRTOS-F4.1.1.0
2023-11-22 19:03:38,986 [WARN] PackLoader:238 - Cannot read IP mode file for wolfSSL.I-CUBE-wolfSSL.5.6.3
2023-11-22 19:03:39,016 [WARN] PackLoader:238 - Cannot read IP mode file for STMicroelectronics.X-CUBE-AZRTOS-L5.2.0.0
2023-11-22 19:03:39,126 [WARN] PackLoader:238 - Cannot read IP mode file for STMicroelectronics.X-CUBE-MEMS1.9.6.0
2023-11-22 19:03:39,381 [INFO] DbMcus:175 - Found 1951 MCUs (1903 are supported by CubeMX, 1914 are visible in CubeMX)
2023-11-22 19:03:39,381 [INFO] ApiDb:251 - Load user favorites file C:\Users\hoang/.stm32cubeide/favorites.mcus.txt: 0 item(s)
2023-11-22 19:03:39,381 [INFO] ApiDb:255 - User favorites MCUs=[]
2023-11-22 19:03:39,381 [INFO] DbMcus:187 - Set 0 / 0 favorites MCUs
2023-11-22 19:03:39,388 [WARN] PackLoader:238 - Cannot read IP mode file for STMicroelectronics.X-CUBE-EEPRMA1.4.2.0
2023-11-22 19:03:39,391 [ERROR] Engine:463 - C:\Users\hoang\.stm32cubemx\thirdparties\pdsc\ITTIA_DB.I-CUBE-ITTIADB.8.8.0.pdsc: PDSC version is not supported
2023-11-22 19:03:39,401 [WARN] PackLoader:238 - Cannot read IP mode file for STMicroelectronics.X-CUBE-BLEMGR.2.0.0
2023-11-22 19:03:39,431 [WARN] ConditionMgr:437 - getConditionDescription Invalid condition id : UX DEVICE CLASS RTOS Condition cause : null
2023-11-22 19:03:39,431 [WARN] ConditionMgr:437 - getConditionDescription Invalid condition id : UX DEVICE CLASS RTOS Condition cause : null
2023-11-22 19:03:39,440 [WARN] PackLoader:238 - Cannot read IP mode file for STMicroelectronics.X-CUBE-AZRTOS-H7.3.1.0
2023-11-22 19:03:39,441 [WARN] ConditionMgr:1038 - genDependencies : Invalid condition id : UX DEVICE CLASS RTOS Condition cause : null
2023-11-22 19:03:39,441 [WARN] ConditionMgr:1038 - genDependencies : Invalid condition id : UX DEVICE CLASS RTOS Condition cause : null
2023-11-22 19:03:39,441 [WARN] ConditionMgr:1038 - genDependencies : Invalid condition id : UX DEVICE CLASS RTOS Condition cause : null
2023-11-22 19:03:39,441 [WARN] ConditionMgr:1038 - genDependencies : Invalid condition id : UX DEVICE CLASS RTOS Condition cause : null
2023-11-22 19:03:39,441 [WARN] ConditionMgr:1038 - genDependencies : Invalid condition id : UX DEVICE CLASS RTOS Condition cause : null
2023-11-22 19:03:39,446 [WARN] PackLoader:238 - Cannot read IP mode file for STMicroelectronics.X-CUBE-NFC7.1.0.1
2023-11-22 19:03:39,454 [WARN] PackLoader:238 - Cannot read IP mode file for STMicroelectronics.X-CUBE-NFC6.3.0.0
2023-11-22 19:03:39,471 [WARN] PackLoader:238 - Cannot read IP mode file for STMicroelectronics.X-CUBE-EEPRMA1.4.1.0
2023-11-22 19:03:39,481 [WARN] PackLoader:238 - Cannot read IP mode file for STMicroelectronics.X-CUBE-AI.8.1.0
2023-11-22 19:03:39,521 [WARN] ConditionMgr:437 - getConditionDescription Invalid condition id : LAN8742 Phy interface Condition cause : null
2023-11-22 19:03:39,521 [WARN] PackLoader:238 - Cannot read IP mode file for STMicroelectronics.X-CUBE-AZRTOS-L4.2.0.0
2023-11-22 19:03:39,521 [WARN] ConditionMgr:1038 - genDependencies : Invalid condition id : LAN8742 Phy interface Condition cause : null
2023-11-22 19:03:39,521 [WARN] ConditionMgr:1038 - genDependencies : Invalid condition id : LAN8742 Phy interface Condition cause : null
2023-11-22 19:03:39,521 [WARN] ConditionMgr:1038 - genDependencies : Invalid condition id : LAN8742 Phy interface Condition cause : null
2023-11-22 19:03:39,531 [WARN] PackLoader:238 - Cannot read IP mode file for STMicroelectronics.X-CUBE-SFXS2LP1.4.0.0
2023-11-22 19:03:39,541 [WARN] PackLoader:238 - Cannot read IP mode file for STMicroelectronics.X-CUBE-ISPU.1.1.0
2023-11-22 19:03:39,561 [WARN] ConditionMgr:437 - getConditionDescription Invalid condition id : UX DEVICE CLASS RTOS Condition cause : null
2023-11-22 19:03:39,561 [WARN] ConditionMgr:437 - getConditionDescription Invalid condition id : UX DEVICE CLASS RTOS Condition cause : null
2023-11-22 19:03:39,569 [WARN] PackLoader:238 - Cannot read IP mode file for STMicroelectronics.X-CUBE-AZRTOS-WB.2.0.0
2023-11-22 19:03:39,571 [WARN] ConditionMgr:1038 - genDependencies : Invalid condition id : UX DEVICE CLASS RTOS Condition cause : null
2023-11-22 19:03:39,571 [WARN] ConditionMgr:1038 - genDependencies : Invalid condition id : UX DEVICE CLASS RTOS Condition cause : null
2023-11-22 19:03:39,571 [WARN] ConditionMgr:1038 - genDependencies : Invalid condition id : UX DEVICE CLASS RTOS Condition cause : null
2023-11-22 19:03:39,571 [WARN] ConditionMgr:1038 - genDependencies : Invalid condition id : UX DEVICE CLASS RTOS Condition cause : null
2023-11-22 19:03:39,571 [WARN] ConditionMgr:1038 - genDependencies : Invalid condition id : UX DEVICE CLASS RTOS Condition cause : null
2023-11-22 19:03:39,585 [WARN] PackLoader:238 - Cannot read IP mode file for STMicroelectronics.X-CUBE-SUBG2.5.0.0
2023-11-22 19:03:39,601 [ERROR] Engine:463 - C:\Users\hoang\.stm32cubemx\thirdparties\pdsc\STMicroelectronics.X-CUBE-TOF1.3.3.1.pdsc: PDSC version is not supported
2023-11-22 19:03:39,621 [WARN] PackLoader:238 - Cannot read IP mode file for STMicroelectronics.X-CUBE-AZRTOS-G4.2.0.0
2023-11-22 19:03:39,631 [ERROR] Engine:463 - C:\Users\hoang\.stm32cubemx\thirdparties\pdsc\Infineon.AIROC-Wi-Fi-Bluetooth-STM32.1.5.1.pdsc: PDSC version is not supported
2023-11-22 19:03:39,634 [ERROR] Engine:463 - C:\Users\hoang\.stm32cubemx\thirdparties\pdsc\STMicroelectronics.FP-SNS-MOTENVWB1.1.3.0.pdsc: PDSC version is not supported
2023-11-22 19:03:39,691 [WARN] PackLoader:238 - Cannot read IP mode file for STMicroelectronics.X-CUBE-MEMS1.10.0.0
2023-11-22 19:03:39,856 [ERROR] Engine:463 - C:\Users\hoang\.stm32cubemx\thirdparties\pdsc\STMicroelectronics.X-CUBE-FREERTOS.1.1.0.pdsc: PDSC version is not supported
2023-11-22 19:03:39,862 [WARN] PackLoader:238 - Cannot read IP mode file for portGmbH.I-Cube-SoM-uGOAL.1.1.0
2023-11-22 19:03:39,865 [WARN] PackLoader:238 - Cannot read IP mode file for STMicroelectronics.X-CUBE-ALS.1.0.1
2023-11-22 19:03:39,871 [WARN] PackLoader:238 - Cannot read IP mode file for STMicroelectronics.FP-ATR-ASTRA1.2.0.0
2023-11-22 19:03:39,873 [ERROR] Engine:463 - C:\Users\hoang\.stm32cubemx\thirdparties\pdsc\STMicroelectronics.X-CUBE-TOF1.3.4.0.pdsc: PDSC version is not supported
2023-11-22 19:03:39,873 [INFO] ThirdParty:915 - Integrity check success = true
2023-11-22 19:03:39,873 [INFO] IntegrityCheckThread:94 - exiting critical section [integrity check]
2023-11-22 19:03:39,873 [INFO] IntegrityCheckThread:97 - End integrity checks thread
2023-11-22 19:03:39,941 [INFO] DetailPanel:309 - Set advertising image to C:/Users/hoang/STM32Cube/Repository/\en.prom-stm32h5-mcu-finder.jpg
2023-11-22 19:03:40,371 [INFO] DbBoardsPdsc:90 - Found 25 items
2023-11-22 19:03:40,376 [INFO] DbBoardsPdsc:90 - Found 9 items
2023-11-22 19:03:40,381 [INFO] DbBoardsPdsc:90 - Found 33 items
2023-11-22 19:03:40,384 [INFO] DbBoardsPdsc:90 - Found 1 items
2023-11-22 19:03:40,384 [INFO] DbBoardsPdsc:90 - Found 48 items
2023-11-22 19:03:40,392 [INFO] DbBoardsPdsc:90 - Found 43 items
2023-11-22 19:03:40,392 [INFO] DbBoardsPdsc:90 - Found 2 items
2023-11-22 19:03:40,401 [INFO] DbBoardsPdsc:90 - Found 5 items
2023-11-22 19:03:40,401 [WARN] DbBoardsPdsc:254 - Board STM32H7B3I-DK: unknown feature type=Audio, name=, username=Audio stereo codec with Headphone Amp (CS42L51-CNZ), n=1
2023-11-22 19:03:40,401 [WARN] DbBoardsPdsc:254 - Board STM32H735G-DK: unknown feature type=Audio, name=, username=Audio stereo codec with Headphone Amp (WM8994ECS/R), n=1
2023-11-22 19:03:40,401 [WARN] DbBoardsPdsc:254 - Board STM32H7B3I-EVAL: unknown feature type=Audio, name=, username=Multi-Channel Audio Codec (CS42L51-CNZ), n=1
2023-11-22 19:03:40,401 [WARN] DbBoardsPdsc:254 - Board STM32H7B3I-EVAL: unknown feature type=Meter, name=, username=Power-metering and Temperature-monitoring with sigma-delta modulators, n=1
2023-11-22 19:03:40,401 [WARN] DbBoardsPdsc:254 - Board STM32H7B3I-EVAL: unknown feature type=Motor, name=, username=Motor Control, n=1
2023-11-22 19:03:40,401 [WARN] DbBoardsPdsc:254 - Board STM32U575I-EV: unknown feature type=joystick, name=, username=4-direction joystick with selection button, n=1
2023-11-22 19:03:40,434 [INFO] DbBoardsJson:86 - JSON generation date=Tue Nov 16 23:17:54 ICT 2021 (1637079474)
2023-11-22 19:03:40,443 [INFO] DbBoards:117 - Found 167 boards (163 are supported by CubeMX)
2023-11-22 19:03:40,443 [INFO] DbBoardsDocs:143 - JSON generation date=Tue Nov 16 23:17:54 ICT 2021 (1637079474)
2023-11-22 19:03:40,451 [INFO] DbBoardsDocs:79 - Found 209 boards documents
2023-11-22 19:03:40,451 [WARN] DbBoards:127 - board B-L475E-IOT01A2 has no document id list !
2023-11-22 19:03:40,451 [WARN] DbBoards:127 - board NUCLEO-H743ZI has no document id list !
2023-11-22 19:03:40,451 [WARN] DbBoards:127 - board NUCLEO-WL55JC2 has no document id list !
2023-11-22 19:03:40,451 [WARN] DbBoards:127 - board P-NUCLEO-WB55-Nucleo has no document id list !
2023-11-22 19:03:40,451 [WARN] DbBoards:127 - board P-NUCLEO-WB55-USBDongle has no document id list !
2023-11-22 19:03:40,451 [WARN] DbBoards:127 - board STEVAL-BFA001V1B has no document id list !
2023-11-22 19:03:40,451 [WARN] DbBoards:127 - board STEVAL-BFA001V2B has no document id list !
2023-11-22 19:03:40,451 [WARN] DbBoards:127 - board STEVAL-IDP005V1 has no document id list !
2023-11-22 19:03:40,451 [WARN] DbBoards:127 - board STEVAL-IDP005V2 has no document id list !
2023-11-22 19:03:40,456 [WARN] DbBoards:127 - board STEVAL-MKSBOX1V1 has no document id list !
2023-11-22 19:03:40,456 [WARN] DbBoards:127 - board STEVAL-STWINKT1 has no document id list !
2023-11-22 19:03:40,456 [WARN] DbBoards:127 - board STEVAL-STWINKT1B has no document id list !
2023-11-22 19:03:40,456 [WARN] DbBoards:127 - board STM32439I-EVAL2 has no document id list !
2023-11-22 19:03:40,456 [WARN] DbBoards:127 - board STM32F401C-DISCO has no document id list !
2023-11-22 19:03:40,456 [WARN] DbBoards:127 - board STM32F769I-DISC1 has no document id list !
2023-11-22 19:03:40,456 [WARN] DbBoards:127 - board STM32G474E-EVAL1 has no document id list !
2023-11-22 19:03:40,456 [WARN] DbBoards:127 - board STM32H743I-EVAL2 has no document id list !
2023-11-22 19:03:40,456 [WARN] DbBoards:127 - board STM32H747I-DISC1 has no document id list !
2023-11-22 19:03:40,456 [WARN] DbBoards:127 - board STM32H753I-EVAL2 has no document id list !
2023-11-22 19:03:40,456 [WARN] DbBoards:127 - board STM32L-DISCOVERY has no document id list !
2023-11-22 19:03:40,606 [ERROR] DbBoards:189 - Image file not found for board B-U585I-IOT02A: C:\ST\STM32CubeIDE_1.7.0\STM32CubeIDE\plugins\com.st.stm32cube.common.mx_6.3.0.202107141111\\db\/plugins/mcufinder/images/boards/B-U585I-IOT02A_small.jpg
2023-11-22 19:03:40,711 [ERROR] DbBoards:189 - Image file not found for board NUCLEO-F413ZH: C:\ST\STM32CubeIDE_1.7.0\STM32CubeIDE\plugins\com.st.stm32cube.common.mx_6.3.0.202107141111\\db\/plugins/mcufinder/images/boards/nucleo-f413zh_small.jpg
2023-11-22 19:03:40,941 [ERROR] DbBoards:189 - Image file not found for board NUCLEO-L552ZE-Q: C:\ST\STM32CubeIDE_1.7.0\STM32CubeIDE\plugins\com.st.stm32cube.common.mx_6.3.0.202107141111\\db\/plugins/mcufinder/images/boards/nucleo_l552ze_q_small.jpg
2023-11-22 19:03:40,941 [ERROR] DbBoards:189 - Image file not found for board NUCLEO-U575ZI-Q: C:\ST\STM32CubeIDE_1.7.0\STM32CubeIDE\plugins\com.st.stm32cube.common.mx_6.3.0.202107141111\\db\/plugins/mcufinder/images/boards/nucleo-u575zi-q_small.jpg
2023-11-22 19:03:40,941 [ERROR] DbBoards:189 - Image file not found for board NUCLEO-WB15CC: C:\ST\STM32CubeIDE_1.7.0\STM32CubeIDE\plugins\com.st.stm32cube.common.mx_6.3.0.202107141111\\db\/plugins/mcufinder/images/boards/nucleo-wb15cc_small.jpg
2023-11-22 19:03:40,941 [ERROR] DbBoards:189 - Image file not found for board NUCLEO-WB55RG: C:\ST\STM32CubeIDE_1.7.0\STM32CubeIDE\plugins\com.st.stm32cube.common.mx_6.3.0.202107141111\\db\/plugins/mcufinder/images/boards/nucleo-wb55rg_small.jpg
2023-11-22 19:03:42,166 [INFO] ApiDb:251 - Load user favorites file C:\Users\hoang/.stm32cubeide/favorites.boards.txt: 0 item(s)
2023-11-22 19:03:42,166 [INFO] ApiDb:255 - User favorites Boards=[]
2023-11-22 19:03:42,166 [INFO] DbBoards:206 - Set 0 / 0 favorites Boards
2023-11-22 19:03:51,826 [INFO] DbMcusDocs:143 - JSON generation date=Tue Nov 16 23:17:54 ICT 2021 (1637079474)
2023-11-22 19:03:52,171 [INFO] DbMcusDocs:79 - Found 682 MCUs documents
2023-11-22 19:04:18,152 [INFO] McuFinderGlobals:52 - Set McuFinderConnectedMode to true
2023-11-22 19:04:19,166 [INFO] ApiDb:276 - Save user favorites file C:\Users\hoang/.stm32cubeide/favorites.mcus.txt: 0 item(s)
2023-11-22 19:04:19,166 [INFO] ApiDb:280 - User favorites MCUs=[]
2023-11-22 19:05:05,886 [INFO] Activator:177 - 


2023-11-22 19:05:05,886 [INFO] Activator:178 - !SESSION log4j initialized
2023-11-22 19:05:06,468 [ERROR] ApiDbMcu:1508 - Can't use Application install path:
2023-11-22 19:05:09,156 [WARN] RulesReader:59 - Compatibility file://mcu/compatibility.xml not found
2023-11-22 19:08:07,194 [INFO] Activator:177 - 


2023-11-22 19:08:07,194 [INFO] Activator:178 - !SESSION log4j initialized
2023-11-22 19:08:07,894 [ERROR] ApiDbMcu:1508 - Can't use Application install path:
2023-11-22 19:08:10,602 [WARN] RulesReader:59 - Compatibility file://mcu/compatibility.xml not found
2023-11-22 19:13:33,557 [INFO] Activator:177 - 


2023-11-22 19:13:33,557 [INFO] Activator:178 - !SESSION log4j initialized
2023-11-22 19:13:34,337 [ERROR] ApiDbMcu:1508 - Can't use Application install path:
2023-11-22 19:13:37,026 [WARN] RulesReader:59 - Compatibility file://mcu/compatibility.xml not found
